{"C:\\Users\\Alec Joshua\\Documents\\gymstat_web\\backend\\src\\controllers\\authControllers.js": {"path":"C:\\Users\\Alec Joshua\\Documents\\gymstat_web\\backend\\src\\controllers\\authControllers.js","statementMap":{"0":{"start":{"line":1,"column":13},"end":{"line":1,"column":38}},"1":{"start":{"line":2,"column":15},"end":{"line":2,"column":34}},"2":{"start":{"line":3,"column":12},"end":{"line":3,"column":35}},"3":{"start":{"line":6,"column":0},"end":{"line":78,"column":2}},"4":{"start":{"line":7,"column":2},"end":{"line":77,"column":3}},"5":{"start":{"line":8,"column":88},"end":{"line":8,"column":96}},"6":{"start":{"line":11,"column":4},"end":{"line":16,"column":5}},"7":{"start":{"line":12,"column":6},"end":{"line":15,"column":9}},"8":{"start":{"line":19,"column":25},"end":{"line":21,"column":6}},"9":{"start":{"line":23,"column":4},"end":{"line":36,"column":5}},"10":{"start":{"line":24,"column":6},"end":{"line":29,"column":7}},"11":{"start":{"line":25,"column":8},"end":{"line":28,"column":11}},"12":{"start":{"line":30,"column":6},"end":{"line":35,"column":7}},"13":{"start":{"line":31,"column":8},"end":{"line":34,"column":11}},"14":{"start":{"line":39,"column":17},"end":{"line":39,"column":41}},"15":{"start":{"line":40,"column":27},"end":{"line":40,"column":60}},"16":{"start":{"line":44,"column":17},"end":{"line":53,"column":6}},"17":{"start":{"line":56,"column":4},"end":{"line":69,"column":7}},"18":{"start":{"line":72,"column":4},"end":{"line":72,"column":48}},"19":{"start":{"line":73,"column":4},"end":{"line":76,"column":7}},"20":{"start":{"line":81,"column":0},"end":{"line":144,"column":2}},"21":{"start":{"line":82,"column":2},"end":{"line":143,"column":3}},"22":{"start":{"line":83,"column":32},"end":{"line":83,"column":40}},"23":{"start":{"line":86,"column":4},"end":{"line":91,"column":5}},"24":{"start":{"line":87,"column":6},"end":{"line":90,"column":9}},"25":{"start":{"line":94,"column":17},"end":{"line":94,"column":46}},"26":{"start":{"line":96,"column":4},"end":{"line":101,"column":5}},"27":{"start":{"line":97,"column":6},"end":{"line":100,"column":9}},"28":{"start":{"line":104,"column":20},"end":{"line":104,"column":65}},"29":{"start":{"line":106,"column":4},"end":{"line":111,"column":5}},"30":{"start":{"line":107,"column":6},"end":{"line":110,"column":9}},"31":{"start":{"line":114,"column":18},"end":{"line":118,"column":5}},"32":{"start":{"line":121,"column":4},"end":{"line":135,"column":7}},"33":{"start":{"line":138,"column":4},"end":{"line":138,"column":41}},"34":{"start":{"line":139,"column":4},"end":{"line":142,"column":7}}},"fnMap":{"0":{"name":"(anonymous_0)","decl":{"start":{"line":6,"column":19},"end":{"line":6,"column":20}},"loc":{"start":{"line":6,"column":39},"end":{"line":78,"column":1}},"line":6},"1":{"name":"(anonymous_1)","decl":{"start":{"line":81,"column":16},"end":{"line":81,"column":17}},"loc":{"start":{"line":81,"column":36},"end":{"line":144,"column":1}},"line":81}},"branchMap":{"0":{"loc":{"start":{"line":11,"column":4},"end":{"line":16,"column":5}},"type":"if","locations":[{"start":{"line":11,"column":4},"end":{"line":16,"column":5}},{"start":{},"end":{}}],"line":11},"1":{"loc":{"start":{"line":11,"column":8},"end":{"line":11,"column":53}},"type":"binary-expr","locations":[{"start":{"line":11,"column":8},"end":{"line":11,"column":17}},{"start":{"line":11,"column":21},"end":{"line":11,"column":30}},{"start":{"line":11,"column":34},"end":{"line":11,"column":40}},{"start":{"line":11,"column":44},"end":{"line":11,"column":53}}],"line":11},"2":{"loc":{"start":{"line":23,"column":4},"end":{"line":36,"column":5}},"type":"if","locations":[{"start":{"line":23,"column":4},"end":{"line":36,"column":5}},{"start":{},"end":{}}],"line":23},"3":{"loc":{"start":{"line":24,"column":6},"end":{"line":29,"column":7}},"type":"if","locations":[{"start":{"line":24,"column":6},"end":{"line":29,"column":7}},{"start":{},"end":{}}],"line":24},"4":{"loc":{"start":{"line":30,"column":6},"end":{"line":35,"column":7}},"type":"if","locations":[{"start":{"line":30,"column":6},"end":{"line":35,"column":7}},{"start":{},"end":{}}],"line":30},"5":{"loc":{"start":{"line":49,"column":12},"end":{"line":49,"column":29}},"type":"binary-expr","locations":[{"start":{"line":49,"column":12},"end":{"line":49,"column":16}},{"start":{"line":49,"column":20},"end":{"line":49,"column":29}}],"line":49},"6":{"loc":{"start":{"line":50,"column":18},"end":{"line":50,"column":34}},"type":"binary-expr","locations":[{"start":{"line":50,"column":18},"end":{"line":50,"column":28}},{"start":{"line":50,"column":32},"end":{"line":50,"column":34}}],"line":50},"7":{"loc":{"start":{"line":51,"column":13},"end":{"line":51,"column":24}},"type":"binary-expr","locations":[{"start":{"line":51,"column":13},"end":{"line":51,"column":18}},{"start":{"line":51,"column":22},"end":{"line":51,"column":24}}],"line":51},"8":{"loc":{"start":{"line":52,"column":17},"end":{"line":52,"column":32}},"type":"binary-expr","locations":[{"start":{"line":52,"column":17},"end":{"line":52,"column":26}},{"start":{"line":52,"column":30},"end":{"line":52,"column":32}}],"line":52},"9":{"loc":{"start":{"line":86,"column":4},"end":{"line":91,"column":5}},"type":"if","locations":[{"start":{"line":86,"column":4},"end":{"line":91,"column":5}},{"start":{},"end":{}}],"line":86},"10":{"loc":{"start":{"line":86,"column":8},"end":{"line":86,"column":27}},"type":"binary-expr","locations":[{"start":{"line":86,"column":8},"end":{"line":86,"column":14}},{"start":{"line":86,"column":18},"end":{"line":86,"column":27}}],"line":86},"11":{"loc":{"start":{"line":96,"column":4},"end":{"line":101,"column":5}},"type":"if","locations":[{"start":{"line":96,"column":4},"end":{"line":101,"column":5}},{"start":{},"end":{}}],"line":96},"12":{"loc":{"start":{"line":106,"column":4},"end":{"line":111,"column":5}},"type":"if","locations":[{"start":{"line":106,"column":4},"end":{"line":111,"column":5}},{"start":{},"end":{}}],"line":106},"13":{"loc":{"start":{"line":116,"column":6},"end":{"line":116,"column":43}},"type":"binary-expr","locations":[{"start":{"line":116,"column":6},"end":{"line":116,"column":28}},{"start":{"line":116,"column":32},"end":{"line":116,"column":43}}],"line":116}},"s":{"0":0,"1":0,"2":0,"3":0,"4":0,"5":0,"6":0,"7":0,"8":0,"9":0,"10":0,"11":0,"12":0,"13":0,"14":0,"15":0,"16":0,"17":0,"18":0,"19":0,"20":0,"21":0,"22":0,"23":0,"24":0,"25":0,"26":0,"27":0,"28":0,"29":0,"30":0,"31":0,"32":0,"33":0,"34":0},"f":{"0":0,"1":0},"b":{"0":[0,0],"1":[0,0,0,0],"2":[0,0],"3":[0,0],"4":[0,0],"5":[0,0],"6":[0,0],"7":[0,0],"8":[0,0],"9":[0,0],"10":[0,0],"11":[0,0],"12":[0,0],"13":[0,0]}}
,"C:\\Users\\Alec Joshua\\Documents\\gymstat_web\\backend\\src\\controllers\\borrowingController.js": {"path":"C:\\Users\\Alec Joshua\\Documents\\gymstat_web\\backend\\src\\controllers\\borrowingController.js","statementMap":{"0":{"start":{"line":1,"column":18},"end":{"line":1,"column":48}},"1":{"start":{"line":2,"column":18},"end":{"line":2,"column":48}},"2":{"start":{"line":7,"column":28},"end":{"line":28,"column":1}},"3":{"start":{"line":8,"column":2},"end":{"line":27,"column":3}},"4":{"start":{"line":9,"column":23},"end":{"line":11,"column":31}},"5":{"start":{"line":13,"column":4},"end":{"line":23,"column":9}},"6":{"start":{"line":13,"column":34},"end":{"line":23,"column":5}},"7":{"start":{"line":25,"column":4},"end":{"line":25,"column":57}},"8":{"start":{"line":26,"column":4},"end":{"line":26,"column":76}},"9":{"start":{"line":33,"column":24},"end":{"line":87,"column":1}},"10":{"start":{"line":34,"column":2},"end":{"line":86,"column":3}},"11":{"start":{"line":35,"column":42},"end":{"line":35,"column":50}},"12":{"start":{"line":38,"column":4},"end":{"line":40,"column":5}},"13":{"start":{"line":39,"column":6},"end":{"line":39,"column":76}},"14":{"start":{"line":42,"column":4},"end":{"line":44,"column":5}},"15":{"start":{"line":43,"column":6},"end":{"line":43,"column":78}},"16":{"start":{"line":47,"column":26},"end":{"line":47,"column":70}},"17":{"start":{"line":49,"column":4},"end":{"line":62,"column":5}},"18":{"start":{"line":51,"column":6},"end":{"line":55,"column":7}},"19":{"start":{"line":52,"column":8},"end":{"line":54,"column":11}},"20":{"start":{"line":58,"column":6},"end":{"line":58,"column":39}},"21":{"start":{"line":59,"column":6},"end":{"line":59,"column":33}},"22":{"start":{"line":61,"column":6},"end":{"line":61,"column":98}},"23":{"start":{"line":65,"column":22},"end":{"line":72,"column":6}},"24":{"start":{"line":74,"column":4},"end":{"line":82,"column":7}},"25":{"start":{"line":84,"column":4},"end":{"line":84,"column":52}},"26":{"start":{"line":85,"column":4},"end":{"line":85,"column":76}},"27":{"start":{"line":92,"column":27},"end":{"line":130,"column":1}},"28":{"start":{"line":93,"column":2},"end":{"line":129,"column":3}},"29":{"start":{"line":94,"column":22},"end":{"line":94,"column":61}},"30":{"start":{"line":96,"column":4},"end":{"line":98,"column":5}},"31":{"start":{"line":97,"column":6},"end":{"line":97,"column":77}},"32":{"start":{"line":100,"column":4},"end":{"line":102,"column":5}},"33":{"start":{"line":101,"column":6},"end":{"line":101,"column":72}},"34":{"start":{"line":105,"column":26},"end":{"line":105,"column":80}},"35":{"start":{"line":106,"column":4},"end":{"line":109,"column":5}},"36":{"start":{"line":107,"column":6},"end":{"line":107,"column":49}},"37":{"start":{"line":108,"column":6},"end":{"line":108,"column":33}},"38":{"start":{"line":112,"column":4},"end":{"line":112,"column":35}},"39":{"start":{"line":113,"column":4},"end":{"line":113,"column":38}},"40":{"start":{"line":114,"column":4},"end":{"line":114,"column":27}},"41":{"start":{"line":116,"column":4},"end":{"line":125,"column":7}},"42":{"start":{"line":127,"column":4},"end":{"line":127,"column":47}},"43":{"start":{"line":128,"column":4},"end":{"line":128,"column":76}},"44":{"start":{"line":135,"column":30},"end":{"line":159,"column":1}},"45":{"start":{"line":136,"column":2},"end":{"line":158,"column":3}},"46":{"start":{"line":137,"column":22},"end":{"line":137,"column":61}},"47":{"start":{"line":139,"column":4},"end":{"line":141,"column":5}},"48":{"start":{"line":140,"column":6},"end":{"line":140,"column":77}},"49":{"start":{"line":144,"column":4},"end":{"line":150,"column":5}},"50":{"start":{"line":145,"column":28},"end":{"line":145,"column":82}},"51":{"start":{"line":146,"column":6},"end":{"line":149,"column":7}},"52":{"start":{"line":147,"column":8},"end":{"line":147,"column":51}},"53":{"start":{"line":148,"column":8},"end":{"line":148,"column":35}},"54":{"start":{"line":152,"column":4},"end":{"line":152,"column":53}},"55":{"start":{"line":154,"column":4},"end":{"line":154,"column":67}},"56":{"start":{"line":156,"column":4},"end":{"line":156,"column":52}},"57":{"start":{"line":157,"column":4},"end":{"line":157,"column":76}},"58":{"start":{"line":164,"column":25},"end":{"line":188,"column":1}},"59":{"start":{"line":165,"column":2},"end":{"line":187,"column":3}},"60":{"start":{"line":166,"column":22},"end":{"line":167,"column":47}},"61":{"start":{"line":169,"column":4},"end":{"line":171,"column":5}},"62":{"start":{"line":170,"column":6},"end":{"line":170,"column":77}},"63":{"start":{"line":173,"column":4},"end":{"line":183,"column":7}},"64":{"start":{"line":185,"column":4},"end":{"line":185,"column":55}},"65":{"start":{"line":186,"column":4},"end":{"line":186,"column":76}},"66":{"start":{"line":193,"column":30},"end":{"line":243,"column":1}},"67":{"start":{"line":194,"column":2},"end":{"line":242,"column":3}},"68":{"start":{"line":195,"column":50},"end":{"line":195,"column":58}},"69":{"start":{"line":196,"column":22},"end":{"line":196,"column":61}},"70":{"start":{"line":198,"column":4},"end":{"line":200,"column":5}},"71":{"start":{"line":199,"column":6},"end":{"line":199,"column":77}},"72":{"start":{"line":203,"column":4},"end":{"line":222,"column":5}},"73":{"start":{"line":205,"column":27},"end":{"line":205,"column":81}},"74":{"start":{"line":206,"column":6},"end":{"line":209,"column":7}},"75":{"start":{"line":207,"column":8},"end":{"line":207,"column":50}},"76":{"start":{"line":208,"column":8},"end":{"line":208,"column":34}},"77":{"start":{"line":212,"column":27},"end":{"line":212,"column":71}},"78":{"start":{"line":213,"column":6},"end":{"line":219,"column":7}},"79":{"start":{"line":214,"column":8},"end":{"line":216,"column":9}},"80":{"start":{"line":215,"column":10},"end":{"line":215,"column":91}},"81":{"start":{"line":217,"column":8},"end":{"line":217,"column":40}},"82":{"start":{"line":218,"column":8},"end":{"line":218,"column":34}},"83":{"start":{"line":221,"column":6},"end":{"line":221,"column":38}},"84":{"start":{"line":225,"column":4},"end":{"line":225,"column":36}},"85":{"start":{"line":225,"column":14},"end":{"line":225,"column":36}},"86":{"start":{"line":226,"column":4},"end":{"line":226,"column":48}},"87":{"start":{"line":226,"column":18},"end":{"line":226,"column":48}},"88":{"start":{"line":227,"column":4},"end":{"line":227,"column":42}},"89":{"start":{"line":227,"column":16},"end":{"line":227,"column":42}},"90":{"start":{"line":229,"column":4},"end":{"line":229,"column":27}},"91":{"start":{"line":231,"column":4},"end":{"line":238,"column":7}},"92":{"start":{"line":240,"column":4},"end":{"line":240,"column":52}},"93":{"start":{"line":241,"column":4},"end":{"line":241,"column":76}},"94":{"start":{"line":248,"column":26},"end":{"line":272,"column":1}},"95":{"start":{"line":249,"column":2},"end":{"line":271,"column":3}},"96":{"start":{"line":250,"column":28},"end":{"line":250,"column":60}},"97":{"start":{"line":251,"column":29},"end":{"line":251,"column":82}},"98":{"start":{"line":252,"column":32},"end":{"line":252,"column":87}},"99":{"start":{"line":253,"column":30},"end":{"line":253,"column":83}},"100":{"start":{"line":255,"column":34},"end":{"line":259,"column":6}},"101":{"start":{"line":261,"column":4},"end":{"line":267,"column":7}},"102":{"start":{"line":269,"column":4},"end":{"line":269,"column":55}},"103":{"start":{"line":270,"column":4},"end":{"line":270,"column":76}},"104":{"start":{"line":274,"column":0},"end":{"line":282,"column":2}}},"fnMap":{"0":{"name":"(anonymous_0)","decl":{"start":{"line":7,"column":28},"end":{"line":7,"column":29}},"loc":{"start":{"line":7,"column":48},"end":{"line":28,"column":1}},"line":7},"1":{"name":"(anonymous_1)","decl":{"start":{"line":13,"column":28},"end":{"line":13,"column":29}},"loc":{"start":{"line":13,"column":34},"end":{"line":23,"column":5}},"line":13},"2":{"name":"(anonymous_2)","decl":{"start":{"line":33,"column":24},"end":{"line":33,"column":25}},"loc":{"start":{"line":33,"column":44},"end":{"line":87,"column":1}},"line":33},"3":{"name":"(anonymous_3)","decl":{"start":{"line":92,"column":27},"end":{"line":92,"column":28}},"loc":{"start":{"line":92,"column":47},"end":{"line":130,"column":1}},"line":92},"4":{"name":"(anonymous_4)","decl":{"start":{"line":135,"column":30},"end":{"line":135,"column":31}},"loc":{"start":{"line":135,"column":50},"end":{"line":159,"column":1}},"line":135},"5":{"name":"(anonymous_5)","decl":{"start":{"line":164,"column":25},"end":{"line":164,"column":26}},"loc":{"start":{"line":164,"column":45},"end":{"line":188,"column":1}},"line":164},"6":{"name":"(anonymous_6)","decl":{"start":{"line":193,"column":30},"end":{"line":193,"column":31}},"loc":{"start":{"line":193,"column":50},"end":{"line":243,"column":1}},"line":193},"7":{"name":"(anonymous_7)","decl":{"start":{"line":248,"column":26},"end":{"line":248,"column":27}},"loc":{"start":{"line":248,"column":46},"end":{"line":272,"column":1}},"line":248}},"branchMap":{"0":{"loc":{"start":{"line":18,"column":12},"end":{"line":18,"column":108}},"type":"cond-expr","locations":[{"start":{"line":18,"column":27},"end":{"line":18,"column":67}},{"start":{"line":18,"column":70},"end":{"line":18,"column":108}}],"line":18},"1":{"loc":{"start":{"line":38,"column":4},"end":{"line":40,"column":5}},"type":"if","locations":[{"start":{"line":38,"column":4},"end":{"line":40,"column":5}},{"start":{},"end":{}}],"line":38},"2":{"loc":{"start":{"line":38,"column":8},"end":{"line":38,"column":47}},"type":"binary-expr","locations":[{"start":{"line":38,"column":8},"end":{"line":38,"column":13}},{"start":{"line":38,"column":17},"end":{"line":38,"column":27}},{"start":{"line":38,"column":31},"end":{"line":38,"column":47}}],"line":38},"3":{"loc":{"start":{"line":42,"column":4},"end":{"line":44,"column":5}},"type":"if","locations":[{"start":{"line":42,"column":4},"end":{"line":44,"column":5}},{"start":{},"end":{}}],"line":42},"4":{"loc":{"start":{"line":49,"column":4},"end":{"line":62,"column":5}},"type":"if","locations":[{"start":{"line":49,"column":4},"end":{"line":62,"column":5}},{"start":{"line":60,"column":11},"end":{"line":62,"column":5}}],"line":49},"5":{"loc":{"start":{"line":51,"column":6},"end":{"line":55,"column":7}},"type":"if","locations":[{"start":{"line":51,"column":6},"end":{"line":55,"column":7}},{"start":{},"end":{}}],"line":51},"6":{"loc":{"start":{"line":96,"column":4},"end":{"line":98,"column":5}},"type":"if","locations":[{"start":{"line":96,"column":4},"end":{"line":98,"column":5}},{"start":{},"end":{}}],"line":96},"7":{"loc":{"start":{"line":100,"column":4},"end":{"line":102,"column":5}},"type":"if","locations":[{"start":{"line":100,"column":4},"end":{"line":102,"column":5}},{"start":{},"end":{}}],"line":100},"8":{"loc":{"start":{"line":106,"column":4},"end":{"line":109,"column":5}},"type":"if","locations":[{"start":{"line":106,"column":4},"end":{"line":109,"column":5}},{"start":{},"end":{}}],"line":106},"9":{"loc":{"start":{"line":139,"column":4},"end":{"line":141,"column":5}},"type":"if","locations":[{"start":{"line":139,"column":4},"end":{"line":141,"column":5}},{"start":{},"end":{}}],"line":139},"10":{"loc":{"start":{"line":144,"column":4},"end":{"line":150,"column":5}},"type":"if","locations":[{"start":{"line":144,"column":4},"end":{"line":150,"column":5}},{"start":{},"end":{}}],"line":144},"11":{"loc":{"start":{"line":146,"column":6},"end":{"line":149,"column":7}},"type":"if","locations":[{"start":{"line":146,"column":6},"end":{"line":149,"column":7}},{"start":{},"end":{}}],"line":146},"12":{"loc":{"start":{"line":169,"column":4},"end":{"line":171,"column":5}},"type":"if","locations":[{"start":{"line":169,"column":4},"end":{"line":171,"column":5}},{"start":{},"end":{}}],"line":169},"13":{"loc":{"start":{"line":198,"column":4},"end":{"line":200,"column":5}},"type":"if","locations":[{"start":{"line":198,"column":4},"end":{"line":200,"column":5}},{"start":{},"end":{}}],"line":198},"14":{"loc":{"start":{"line":203,"column":4},"end":{"line":222,"column":5}},"type":"if","locations":[{"start":{"line":203,"column":4},"end":{"line":222,"column":5}},{"start":{},"end":{}}],"line":203},"15":{"loc":{"start":{"line":203,"column":8},"end":{"line":203,"column":54}},"type":"binary-expr","locations":[{"start":{"line":203,"column":8},"end":{"line":203,"column":17}},{"start":{"line":203,"column":21},"end":{"line":203,"column":54}}],"line":203},"16":{"loc":{"start":{"line":206,"column":6},"end":{"line":209,"column":7}},"type":"if","locations":[{"start":{"line":206,"column":6},"end":{"line":209,"column":7}},{"start":{},"end":{}}],"line":206},"17":{"loc":{"start":{"line":206,"column":10},"end":{"line":206,"column":56}},"type":"binary-expr","locations":[{"start":{"line":206,"column":10},"end":{"line":206,"column":22}},{"start":{"line":206,"column":26},"end":{"line":206,"column":56}}],"line":206},"18":{"loc":{"start":{"line":213,"column":6},"end":{"line":219,"column":7}},"type":"if","locations":[{"start":{"line":213,"column":6},"end":{"line":219,"column":7}},{"start":{},"end":{}}],"line":213},"19":{"loc":{"start":{"line":213,"column":10},"end":{"line":213,"column":46}},"type":"binary-expr","locations":[{"start":{"line":213,"column":10},"end":{"line":213,"column":22}},{"start":{"line":213,"column":26},"end":{"line":213,"column":46}}],"line":213},"20":{"loc":{"start":{"line":214,"column":8},"end":{"line":216,"column":9}},"type":"if","locations":[{"start":{"line":214,"column":8},"end":{"line":216,"column":9}},{"start":{},"end":{}}],"line":214},"21":{"loc":{"start":{"line":225,"column":4},"end":{"line":225,"column":36}},"type":"if","locations":[{"start":{"line":225,"column":4},"end":{"line":225,"column":36}},{"start":{},"end":{}}],"line":225},"22":{"loc":{"start":{"line":226,"column":4},"end":{"line":226,"column":48}},"type":"if","locations":[{"start":{"line":226,"column":4},"end":{"line":226,"column":48}},{"start":{},"end":{}}],"line":226},"23":{"loc":{"start":{"line":227,"column":4},"end":{"line":227,"column":42}},"type":"if","locations":[{"start":{"line":227,"column":4},"end":{"line":227,"column":42}},{"start":{},"end":{}}],"line":227}},"s":{"0":1,"1":1,"2":1,"3":1,"4":1,"5":1,"6":1,"7":0,"8":0,"9":1,"10":5,"11":5,"12":5,"13":1,"14":4,"15":1,"16":3,"17":3,"18":2,"19":1,"20":1,"21":1,"22":1,"23":1,"24":1,"25":0,"26":0,"27":1,"28":3,"29":3,"30":3,"31":1,"32":2,"33":1,"34":1,"35":1,"36":1,"37":1,"38":1,"39":1,"40":1,"41":1,"42":0,"43":0,"44":1,"45":3,"46":3,"47":3,"48":1,"49":2,"50":1,"51":1,"52":1,"53":1,"54":2,"55":2,"56":0,"57":0,"58":1,"59":0,"60":0,"61":0,"62":0,"63":0,"64":0,"65":0,"66":1,"67":0,"68":0,"69":0,"70":0,"71":0,"72":0,"73":0,"74":0,"75":0,"76":0,"77":0,"78":0,"79":0,"80":0,"81":0,"82":0,"83":0,"84":0,"85":0,"86":0,"87":0,"88":0,"89":0,"90":0,"91":0,"92":0,"93":0,"94":1,"95":0,"96":0,"97":0,"98":0,"99":0,"100":0,"101":0,"102":0,"103":0,"104":1},"f":{"0":1,"1":1,"2":5,"3":3,"4":3,"5":0,"6":0,"7":0},"b":{"0":[1,0],"1":[1,4],"2":[5,4,4],"3":[1,3],"4":[2,1],"5":[1,1],"6":[1,2],"7":[1,1],"8":[1,0],"9":[1,2],"10":[1,1],"11":[1,0],"12":[0,0],"13":[0,0],"14":[0,0],"15":[0,0],"16":[0,0],"17":[0,0],"18":[0,0],"19":[0,0],"20":[0,0],"21":[0,0],"22":[0,0],"23":[0,0]},"_coverageSchema":"1a1c01bbd47fc00a2c39e90264f33305004495a9","hash":"e6b990e40c41e55f96ff1cecf6f5f97813948471"}
,"C:\\Users\\Alec Joshua\\Documents\\gymstat_web\\backend\\src\\controllers\\equipmentController.js": {"path":"C:\\Users\\Alec Joshua\\Documents\\gymstat_web\\backend\\src\\controllers\\equipmentController.js","statementMap":{"0":{"start":{"line":1,"column":18},"end":{"line":1,"column":48}},"1":{"start":{"line":6,"column":21},"end":{"line":119,"column":1}},"2":{"start":{"line":7,"column":2},"end":{"line":118,"column":3}},"3":{"start":{"line":9,"column":17},"end":{"line":9,"column":46}},"4":{"start":{"line":10,"column":18},"end":{"line":10,"column":49}},"5":{"start":{"line":11,"column":19},"end":{"line":11,"column":41}},"6":{"start":{"line":12,"column":21},"end":{"line":12,"column":45}},"7":{"start":{"line":13,"column":22},"end":{"line":13,"column":47}},"8":{"start":{"line":14,"column":19},"end":{"line":14,"column":41}},"9":{"start":{"line":15,"column":21},"end":{"line":15,"column":77}},"10":{"start":{"line":16,"column":21},"end":{"line":16,"column":77}},"11":{"start":{"line":17,"column":19},"end":{"line":17,"column":45}},"12":{"start":{"line":18,"column":22},"end":{"line":18,"column":60}},"13":{"start":{"line":21,"column":17},"end":{"line":21,"column":19}},"14":{"start":{"line":24,"column":4},"end":{"line":26,"column":5}},"15":{"start":{"line":25,"column":6},"end":{"line":25,"column":54}},"16":{"start":{"line":29,"column":4},"end":{"line":31,"column":5}},"17":{"start":{"line":30,"column":6},"end":{"line":30,"column":33}},"18":{"start":{"line":34,"column":4},"end":{"line":36,"column":5}},"19":{"start":{"line":35,"column":6},"end":{"line":35,"column":35}},"20":{"start":{"line":39,"column":4},"end":{"line":41,"column":5}},"21":{"start":{"line":40,"column":6},"end":{"line":40,"column":29}},"22":{"start":{"line":44,"column":4},"end":{"line":48,"column":5}},"23":{"start":{"line":45,"column":6},"end":{"line":45,"column":29}},"24":{"start":{"line":46,"column":6},"end":{"line":46,"column":63}},"25":{"start":{"line":46,"column":29},"end":{"line":46,"column":63}},"26":{"start":{"line":47,"column":6},"end":{"line":47,"column":63}},"27":{"start":{"line":47,"column":29},"end":{"line":47,"column":63}},"28":{"start":{"line":51,"column":17},"end":{"line":51,"column":35}},"29":{"start":{"line":54,"column":18},"end":{"line":54,"column":56}},"30":{"start":{"line":57,"column":22},"end":{"line":60,"column":19}},"31":{"start":{"line":63,"column":20},"end":{"line":73,"column":6}},"32":{"start":{"line":75,"column":4},"end":{"line":114,"column":7}},"33":{"start":{"line":77,"column":35},"end":{"line":88,"column":7}},"34":{"start":{"line":116,"column":4},"end":{"line":116,"column":49}},"35":{"start":{"line":117,"column":4},"end":{"line":117,"column":76}},"36":{"start":{"line":124,"column":25},"end":{"line":148,"column":1}},"37":{"start":{"line":125,"column":2},"end":{"line":147,"column":3}},"38":{"start":{"line":126,"column":22},"end":{"line":126,"column":61}},"39":{"start":{"line":128,"column":4},"end":{"line":130,"column":5}},"40":{"start":{"line":129,"column":6},"end":{"line":129,"column":70}},"41":{"start":{"line":132,"column":4},"end":{"line":143,"column":7}},"42":{"start":{"line":145,"column":4},"end":{"line":145,"column":55}},"43":{"start":{"line":146,"column":4},"end":{"line":146,"column":76}},"44":{"start":{"line":153,"column":24},"end":{"line":197,"column":1}},"45":{"start":{"line":154,"column":2},"end":{"line":196,"column":3}},"46":{"start":{"line":155,"column":49},"end":{"line":155,"column":57}},"47":{"start":{"line":158,"column":4},"end":{"line":160,"column":5}},"48":{"start":{"line":159,"column":6},"end":{"line":159,"column":84}},"49":{"start":{"line":162,"column":4},"end":{"line":164,"column":5}},"50":{"start":{"line":163,"column":6},"end":{"line":163,"column":81}},"51":{"start":{"line":167,"column":30},"end":{"line":167,"column":63}},"52":{"start":{"line":168,"column":4},"end":{"line":170,"column":5}},"53":{"start":{"line":169,"column":6},"end":{"line":169,"column":75}},"54":{"start":{"line":172,"column":22},"end":{"line":178,"column":6}},"55":{"start":{"line":180,"column":4},"end":{"line":192,"column":7}},"56":{"start":{"line":194,"column":4},"end":{"line":194,"column":52}},"57":{"start":{"line":195,"column":4},"end":{"line":195,"column":76}},"58":{"start":{"line":202,"column":24},"end":{"line":248,"column":1}},"59":{"start":{"line":203,"column":2},"end":{"line":247,"column":3}},"60":{"start":{"line":204,"column":54},"end":{"line":204,"column":62}},"61":{"start":{"line":205,"column":22},"end":{"line":205,"column":61}},"62":{"start":{"line":207,"column":4},"end":{"line":209,"column":5}},"63":{"start":{"line":208,"column":6},"end":{"line":208,"column":70}},"64":{"start":{"line":212,"column":4},"end":{"line":218,"column":5}},"65":{"start":{"line":213,"column":32},"end":{"line":213,"column":65}},"66":{"start":{"line":214,"column":6},"end":{"line":216,"column":7}},"67":{"start":{"line":215,"column":8},"end":{"line":215,"column":82}},"68":{"start":{"line":217,"column":6},"end":{"line":217,"column":28}},"69":{"start":{"line":220,"column":4},"end":{"line":220,"column":48}},"70":{"start":{"line":220,"column":18},"end":{"line":220,"column":48}},"71":{"start":{"line":221,"column":4},"end":{"line":226,"column":5}},"72":{"start":{"line":222,"column":6},"end":{"line":224,"column":7}},"73":{"start":{"line":223,"column":8},"end":{"line":223,"column":83}},"74":{"start":{"line":225,"column":6},"end":{"line":225,"column":50}},"75":{"start":{"line":227,"column":4},"end":{"line":227,"column":51}},"76":{"start":{"line":227,"column":19},"end":{"line":227,"column":51}},"77":{"start":{"line":229,"column":4},"end":{"line":229,"column":27}},"78":{"start":{"line":231,"column":4},"end":{"line":243,"column":7}},"79":{"start":{"line":245,"column":4},"end":{"line":245,"column":52}},"80":{"start":{"line":246,"column":4},"end":{"line":246,"column":76}},"81":{"start":{"line":253,"column":24},"end":{"line":278,"column":1}},"82":{"start":{"line":254,"column":2},"end":{"line":277,"column":3}},"83":{"start":{"line":255,"column":22},"end":{"line":255,"column":61}},"84":{"start":{"line":257,"column":4},"end":{"line":259,"column":5}},"85":{"start":{"line":258,"column":6},"end":{"line":258,"column":70}},"86":{"start":{"line":262,"column":4},"end":{"line":266,"column":5}},"87":{"start":{"line":263,"column":6},"end":{"line":265,"column":9}},"88":{"start":{"line":268,"column":4},"end":{"line":268,"column":53}},"89":{"start":{"line":270,"column":4},"end":{"line":273,"column":7}},"90":{"start":{"line":275,"column":4},"end":{"line":275,"column":52}},"91":{"start":{"line":276,"column":4},"end":{"line":276,"column":76}},"92":{"start":{"line":283,"column":29},"end":{"line":315,"column":1}},"93":{"start":{"line":284,"column":2},"end":{"line":314,"column":3}},"94":{"start":{"line":285,"column":23},"end":{"line":285,"column":31}},"95":{"start":{"line":286,"column":22},"end":{"line":286,"column":61}},"96":{"start":{"line":288,"column":4},"end":{"line":290,"column":5}},"97":{"start":{"line":289,"column":6},"end":{"line":289,"column":70}},"98":{"start":{"line":292,"column":4},"end":{"line":294,"column":5}},"99":{"start":{"line":293,"column":6},"end":{"line":293,"column":72}},"100":{"start":{"line":296,"column":4},"end":{"line":296,"column":30}},"101":{"start":{"line":297,"column":4},"end":{"line":297,"column":27}},"102":{"start":{"line":299,"column":4},"end":{"line":310,"column":7}},"103":{"start":{"line":312,"column":4},"end":{"line":312,"column":48}},"104":{"start":{"line":313,"column":4},"end":{"line":313,"column":76}},"105":{"start":{"line":320,"column":31},"end":{"line":336,"column":1}},"106":{"start":{"line":321,"column":2},"end":{"line":335,"column":3}},"107":{"start":{"line":322,"column":23},"end":{"line":322,"column":59}},"108":{"start":{"line":323,"column":23},"end":{"line":323,"column":60}},"109":{"start":{"line":324,"column":21},"end":{"line":324,"column":55}},"110":{"start":{"line":326,"column":4},"end":{"line":331,"column":7}},"111":{"start":{"line":333,"column":4},"end":{"line":333,"column":54}},"112":{"start":{"line":334,"column":4},"end":{"line":334,"column":76}},"113":{"start":{"line":341,"column":29},"end":{"line":362,"column":1}},"114":{"start":{"line":342,"column":2},"end":{"line":361,"column":3}},"115":{"start":{"line":343,"column":26},"end":{"line":345,"column":29}},"116":{"start":{"line":347,"column":4},"end":{"line":357,"column":7}},"117":{"start":{"line":349,"column":39},"end":{"line":356,"column":7}},"118":{"start":{"line":359,"column":4},"end":{"line":359,"column":49}},"119":{"start":{"line":360,"column":4},"end":{"line":360,"column":76}},"120":{"start":{"line":367,"column":31},"end":{"line":387,"column":1}},"121":{"start":{"line":368,"column":2},"end":{"line":386,"column":3}},"122":{"start":{"line":369,"column":23},"end":{"line":370,"column":24}},"123":{"start":{"line":372,"column":4},"end":{"line":382,"column":7}},"124":{"start":{"line":374,"column":36},"end":{"line":381,"column":7}},"125":{"start":{"line":384,"column":4},"end":{"line":384,"column":52}},"126":{"start":{"line":385,"column":4},"end":{"line":385,"column":76}},"127":{"start":{"line":392,"column":26},"end":{"line":423,"column":1}},"128":{"start":{"line":393,"column":2},"end":{"line":422,"column":3}},"129":{"start":{"line":394,"column":27},"end":{"line":394,"column":59}},"130":{"start":{"line":395,"column":23},"end":{"line":397,"column":6}},"131":{"start":{"line":398,"column":27},"end":{"line":400,"column":6}},"132":{"start":{"line":401,"column":24},"end":{"line":403,"column":6}},"133":{"start":{"line":405,"column":30},"end":{"line":407,"column":6}},"134":{"start":{"line":409,"column":4},"end":{"line":418,"column":7}},"135":{"start":{"line":420,"column":4},"end":{"line":420,"column":55}},"136":{"start":{"line":421,"column":4},"end":{"line":421,"column":76}},"137":{"start":{"line":425,"column":0},"end":{"line":436,"column":2}}},"fnMap":{"0":{"name":"(anonymous_0)","decl":{"start":{"line":6,"column":21},"end":{"line":6,"column":22}},"loc":{"start":{"line":6,"column":41},"end":{"line":119,"column":1}},"line":6},"1":{"name":"(anonymous_1)","decl":{"start":{"line":77,"column":26},"end":{"line":77,"column":27}},"loc":{"start":{"line":77,"column":35},"end":{"line":88,"column":7}},"line":77},"2":{"name":"(anonymous_2)","decl":{"start":{"line":124,"column":25},"end":{"line":124,"column":26}},"loc":{"start":{"line":124,"column":45},"end":{"line":148,"column":1}},"line":124},"3":{"name":"(anonymous_3)","decl":{"start":{"line":153,"column":24},"end":{"line":153,"column":25}},"loc":{"start":{"line":153,"column":44},"end":{"line":197,"column":1}},"line":153},"4":{"name":"(anonymous_4)","decl":{"start":{"line":202,"column":24},"end":{"line":202,"column":25}},"loc":{"start":{"line":202,"column":44},"end":{"line":248,"column":1}},"line":202},"5":{"name":"(anonymous_5)","decl":{"start":{"line":253,"column":24},"end":{"line":253,"column":25}},"loc":{"start":{"line":253,"column":44},"end":{"line":278,"column":1}},"line":253},"6":{"name":"(anonymous_6)","decl":{"start":{"line":283,"column":29},"end":{"line":283,"column":30}},"loc":{"start":{"line":283,"column":49},"end":{"line":315,"column":1}},"line":283},"7":{"name":"(anonymous_7)","decl":{"start":{"line":320,"column":31},"end":{"line":320,"column":32}},"loc":{"start":{"line":320,"column":51},"end":{"line":336,"column":1}},"line":320},"8":{"name":"(anonymous_8)","decl":{"start":{"line":341,"column":29},"end":{"line":341,"column":30}},"loc":{"start":{"line":341,"column":49},"end":{"line":362,"column":1}},"line":341},"9":{"name":"(anonymous_9)","decl":{"start":{"line":349,"column":30},"end":{"line":349,"column":31}},"loc":{"start":{"line":349,"column":39},"end":{"line":356,"column":7}},"line":349},"10":{"name":"(anonymous_10)","decl":{"start":{"line":367,"column":31},"end":{"line":367,"column":32}},"loc":{"start":{"line":367,"column":51},"end":{"line":387,"column":1}},"line":367},"11":{"name":"(anonymous_11)","decl":{"start":{"line":374,"column":27},"end":{"line":374,"column":28}},"loc":{"start":{"line":374,"column":36},"end":{"line":381,"column":7}},"line":374},"12":{"name":"(anonymous_12)","decl":{"start":{"line":392,"column":26},"end":{"line":392,"column":27}},"loc":{"start":{"line":392,"column":46},"end":{"line":423,"column":1}},"line":392}},"branchMap":{"0":{"loc":{"start":{"line":9,"column":17},"end":{"line":9,"column":46}},"type":"binary-expr","locations":[{"start":{"line":9,"column":17},"end":{"line":9,"column":41}},{"start":{"line":9,"column":45},"end":{"line":9,"column":46}}],"line":9},"1":{"loc":{"start":{"line":10,"column":18},"end":{"line":10,"column":49}},"type":"binary-expr","locations":[{"start":{"line":10,"column":18},"end":{"line":10,"column":43}},{"start":{"line":10,"column":47},"end":{"line":10,"column":49}}],"line":10},"2":{"loc":{"start":{"line":11,"column":19},"end":{"line":11,"column":41}},"type":"binary-expr","locations":[{"start":{"line":11,"column":19},"end":{"line":11,"column":35}},{"start":{"line":11,"column":39},"end":{"line":11,"column":41}}],"line":11},"3":{"loc":{"start":{"line":12,"column":21},"end":{"line":12,"column":45}},"type":"binary-expr","locations":[{"start":{"line":12,"column":21},"end":{"line":12,"column":39}},{"start":{"line":12,"column":43},"end":{"line":12,"column":45}}],"line":12},"4":{"loc":{"start":{"line":13,"column":22},"end":{"line":13,"column":47}},"type":"binary-expr","locations":[{"start":{"line":13,"column":22},"end":{"line":13,"column":41}},{"start":{"line":13,"column":45},"end":{"line":13,"column":47}}],"line":13},"5":{"loc":{"start":{"line":14,"column":19},"end":{"line":14,"column":41}},"type":"binary-expr","locations":[{"start":{"line":14,"column":19},"end":{"line":14,"column":35}},{"start":{"line":14,"column":39},"end":{"line":14,"column":41}}],"line":14},"6":{"loc":{"start":{"line":15,"column":21},"end":{"line":15,"column":77}},"type":"cond-expr","locations":[{"start":{"line":15,"column":42},"end":{"line":15,"column":70}},{"start":{"line":15,"column":73},"end":{"line":15,"column":77}}],"line":15},"7":{"loc":{"start":{"line":16,"column":21},"end":{"line":16,"column":77}},"type":"cond-expr","locations":[{"start":{"line":16,"column":42},"end":{"line":16,"column":70}},{"start":{"line":16,"column":73},"end":{"line":16,"column":77}}],"line":16},"8":{"loc":{"start":{"line":17,"column":19},"end":{"line":17,"column":45}},"type":"binary-expr","locations":[{"start":{"line":17,"column":19},"end":{"line":17,"column":35}},{"start":{"line":17,"column":39},"end":{"line":17,"column":45}}],"line":17},"9":{"loc":{"start":{"line":18,"column":22},"end":{"line":18,"column":60}},"type":"cond-expr","locations":[{"start":{"line":18,"column":54},"end":{"line":18,"column":55}},{"start":{"line":18,"column":58},"end":{"line":18,"column":60}}],"line":18},"10":{"loc":{"start":{"line":24,"column":4},"end":{"line":26,"column":5}},"type":"if","locations":[{"start":{"line":24,"column":4},"end":{"line":26,"column":5}},{"start":{},"end":{}}],"line":24},"11":{"loc":{"start":{"line":29,"column":4},"end":{"line":31,"column":5}},"type":"if","locations":[{"start":{"line":29,"column":4},"end":{"line":31,"column":5}},{"start":{},"end":{}}],"line":29},"12":{"loc":{"start":{"line":34,"column":4},"end":{"line":36,"column":5}},"type":"if","locations":[{"start":{"line":34,"column":4},"end":{"line":36,"column":5}},{"start":{},"end":{}}],"line":34},"13":{"loc":{"start":{"line":39,"column":4},"end":{"line":41,"column":5}},"type":"if","locations":[{"start":{"line":39,"column":4},"end":{"line":41,"column":5}},{"start":{},"end":{}}],"line":39},"14":{"loc":{"start":{"line":44,"column":4},"end":{"line":48,"column":5}},"type":"if","locations":[{"start":{"line":44,"column":4},"end":{"line":48,"column":5}},{"start":{},"end":{}}],"line":44},"15":{"loc":{"start":{"line":44,"column":8},"end":{"line":44,"column":46}},"type":"binary-expr","locations":[{"start":{"line":44,"column":8},"end":{"line":44,"column":25}},{"start":{"line":44,"column":29},"end":{"line":44,"column":46}}],"line":44},"16":{"loc":{"start":{"line":46,"column":6},"end":{"line":46,"column":63}},"type":"if","locations":[{"start":{"line":46,"column":6},"end":{"line":46,"column":63}},{"start":{},"end":{}}],"line":46},"17":{"loc":{"start":{"line":47,"column":6},"end":{"line":47,"column":63}},"type":"if","locations":[{"start":{"line":47,"column":6},"end":{"line":47,"column":63}},{"start":{},"end":{}}],"line":47},"18":{"loc":{"start":{"line":89,"column":15},"end":{"line":95,"column":7}},"type":"binary-expr","locations":[{"start":{"line":89,"column":15},"end":{"line":89,"column":25}},{"start":{"line":89,"column":29},"end":{"line":95,"column":7}}],"line":89},"19":{"loc":{"start":{"line":105,"column":16},"end":{"line":105,"column":30}},"type":"binary-expr","locations":[{"start":{"line":105,"column":16},"end":{"line":105,"column":22}},{"start":{"line":105,"column":26},"end":{"line":105,"column":30}}],"line":105},"20":{"loc":{"start":{"line":106,"column":18},"end":{"line":106,"column":34}},"type":"binary-expr","locations":[{"start":{"line":106,"column":18},"end":{"line":106,"column":26}},{"start":{"line":106,"column":30},"end":{"line":106,"column":34}}],"line":106},"21":{"loc":{"start":{"line":107,"column":19},"end":{"line":107,"column":36}},"type":"binary-expr","locations":[{"start":{"line":107,"column":19},"end":{"line":107,"column":28}},{"start":{"line":107,"column":32},"end":{"line":107,"column":36}}],"line":107},"22":{"loc":{"start":{"line":108,"column":16},"end":{"line":108,"column":30}},"type":"binary-expr","locations":[{"start":{"line":108,"column":16},"end":{"line":108,"column":22}},{"start":{"line":108,"column":26},"end":{"line":108,"column":30}}],"line":108},"23":{"loc":{"start":{"line":112,"column":19},"end":{"line":112,"column":51}},"type":"cond-expr","locations":[{"start":{"line":112,"column":37},"end":{"line":112,"column":42}},{"start":{"line":112,"column":45},"end":{"line":112,"column":51}}],"line":112},"24":{"loc":{"start":{"line":128,"column":4},"end":{"line":130,"column":5}},"type":"if","locations":[{"start":{"line":128,"column":4},"end":{"line":130,"column":5}},{"start":{},"end":{}}],"line":128},"25":{"loc":{"start":{"line":158,"column":4},"end":{"line":160,"column":5}},"type":"if","locations":[{"start":{"line":158,"column":4},"end":{"line":160,"column":5}},{"start":{},"end":{}}],"line":158},"26":{"loc":{"start":{"line":158,"column":8},"end":{"line":158,"column":23}},"type":"binary-expr","locations":[{"start":{"line":158,"column":8},"end":{"line":158,"column":13}},{"start":{"line":158,"column":17},"end":{"line":158,"column":23}}],"line":158},"27":{"loc":{"start":{"line":162,"column":4},"end":{"line":164,"column":5}},"type":"if","locations":[{"start":{"line":162,"column":4},"end":{"line":164,"column":5}},{"start":{},"end":{}}],"line":162},"28":{"loc":{"start":{"line":168,"column":4},"end":{"line":170,"column":5}},"type":"if","locations":[{"start":{"line":168,"column":4},"end":{"line":170,"column":5}},{"start":{},"end":{}}],"line":168},"29":{"loc":{"start":{"line":174,"column":16},"end":{"line":174,"column":37}},"type":"binary-expr","locations":[{"start":{"line":174,"column":16},"end":{"line":174,"column":24}},{"start":{"line":174,"column":28},"end":{"line":174,"column":37}}],"line":174},"30":{"loc":{"start":{"line":177,"column":17},"end":{"line":177,"column":36}},"type":"binary-expr","locations":[{"start":{"line":177,"column":17},"end":{"line":177,"column":26}},{"start":{"line":177,"column":30},"end":{"line":177,"column":36}}],"line":177},"31":{"loc":{"start":{"line":207,"column":4},"end":{"line":209,"column":5}},"type":"if","locations":[{"start":{"line":207,"column":4},"end":{"line":209,"column":5}},{"start":{},"end":{}}],"line":207},"32":{"loc":{"start":{"line":212,"column":4},"end":{"line":218,"column":5}},"type":"if","locations":[{"start":{"line":212,"column":4},"end":{"line":218,"column":5}},{"start":{},"end":{}}],"line":212},"33":{"loc":{"start":{"line":212,"column":8},"end":{"line":212,"column":39}},"type":"binary-expr","locations":[{"start":{"line":212,"column":8},"end":{"line":212,"column":12}},{"start":{"line":212,"column":16},"end":{"line":212,"column":39}}],"line":212},"34":{"loc":{"start":{"line":214,"column":6},"end":{"line":216,"column":7}},"type":"if","locations":[{"start":{"line":214,"column":6},"end":{"line":216,"column":7}},{"start":{},"end":{}}],"line":214},"35":{"loc":{"start":{"line":220,"column":4},"end":{"line":220,"column":48}},"type":"if","locations":[{"start":{"line":220,"column":4},"end":{"line":220,"column":48}},{"start":{},"end":{}}],"line":220},"36":{"loc":{"start":{"line":221,"column":4},"end":{"line":226,"column":5}},"type":"if","locations":[{"start":{"line":221,"column":4},"end":{"line":226,"column":5}},{"start":{},"end":{}}],"line":221},"37":{"loc":{"start":{"line":222,"column":6},"end":{"line":224,"column":7}},"type":"if","locations":[{"start":{"line":222,"column":6},"end":{"line":224,"column":7}},{"start":{},"end":{}}],"line":222},"38":{"loc":{"start":{"line":227,"column":4},"end":{"line":227,"column":51}},"type":"if","locations":[{"start":{"line":227,"column":4},"end":{"line":227,"column":51}},{"start":{},"end":{}}],"line":227},"39":{"loc":{"start":{"line":257,"column":4},"end":{"line":259,"column":5}},"type":"if","locations":[{"start":{"line":257,"column":4},"end":{"line":259,"column":5}},{"start":{},"end":{}}],"line":257},"40":{"loc":{"start":{"line":262,"column":4},"end":{"line":266,"column":5}},"type":"if","locations":[{"start":{"line":262,"column":4},"end":{"line":266,"column":5}},{"start":{},"end":{}}],"line":262},"41":{"loc":{"start":{"line":288,"column":4},"end":{"line":290,"column":5}},"type":"if","locations":[{"start":{"line":288,"column":4},"end":{"line":290,"column":5}},{"start":{},"end":{}}],"line":288},"42":{"loc":{"start":{"line":292,"column":4},"end":{"line":294,"column":5}},"type":"if","locations":[{"start":{"line":292,"column":4},"end":{"line":294,"column":5}},{"start":{},"end":{}}],"line":292},"43":{"loc":{"start":{"line":292,"column":8},"end":{"line":292,"column":51}},"type":"binary-expr","locations":[{"start":{"line":292,"column":8},"end":{"line":292,"column":18}},{"start":{"line":292,"column":22},"end":{"line":292,"column":51}}],"line":292},"44":{"loc":{"start":{"line":413,"column":20},"end":{"line":413,"column":45}},"type":"binary-expr","locations":[{"start":{"line":413,"column":20},"end":{"line":413,"column":40}},{"start":{"line":413,"column":44},"end":{"line":413,"column":45}}],"line":413},"45":{"loc":{"start":{"line":414,"column":24},"end":{"line":414,"column":53}},"type":"binary-expr","locations":[{"start":{"line":414,"column":24},"end":{"line":414,"column":48}},{"start":{"line":414,"column":52},"end":{"line":414,"column":53}}],"line":414},"46":{"loc":{"start":{"line":415,"column":21},"end":{"line":415,"column":47}},"type":"binary-expr","locations":[{"start":{"line":415,"column":21},"end":{"line":415,"column":42}},{"start":{"line":415,"column":46},"end":{"line":415,"column":47}}],"line":415}},"s":{"0":1,"1":1,"2":2,"3":2,"4":2,"5":2,"6":2,"7":2,"8":2,"9":2,"10":2,"11":2,"12":2,"13":2,"14":2,"15":0,"16":2,"17":0,"18":2,"19":0,"20":2,"21":0,"22":2,"23":0,"24":0,"25":0,"26":0,"27":0,"28":2,"29":2,"30":2,"31":1,"32":1,"33":2,"34":1,"35":1,"36":1,"37":0,"38":0,"39":0,"40":0,"41":0,"42":0,"43":0,"44":1,"45":3,"46":3,"47":3,"48":1,"49":2,"50":0,"51":2,"52":2,"53":1,"54":1,"55":1,"56":0,"57":0,"58":1,"59":2,"60":2,"61":2,"62":2,"63":1,"64":1,"65":1,"66":1,"67":0,"68":1,"69":1,"70":0,"71":1,"72":1,"73":0,"74":1,"75":1,"76":0,"77":1,"78":1,"79":0,"80":0,"81":1,"82":3,"83":3,"84":3,"85":1,"86":2,"87":1,"88":1,"89":1,"90":0,"91":0,"92":1,"93":0,"94":0,"95":0,"96":0,"97":0,"98":0,"99":0,"100":0,"101":0,"102":0,"103":0,"104":0,"105":1,"106":0,"107":0,"108":0,"109":0,"110":0,"111":0,"112":0,"113":1,"114":0,"115":0,"116":0,"117":0,"118":0,"119":0,"120":1,"121":0,"122":0,"123":0,"124":0,"125":0,"126":0,"127":1,"128":0,"129":0,"130":0,"131":0,"132":0,"133":0,"134":0,"135":0,"136":0,"137":1},"f":{"0":2,"1":2,"2":0,"3":3,"4":2,"5":3,"6":0,"7":0,"8":0,"9":0,"10":0,"11":0,"12":0},"b":{"0":[2,2],"1":[2,2],"2":[2,2],"3":[2,2],"4":[2,2],"5":[2,2],"6":[0,2],"7":[0,2],"8":[2,2],"9":[0,2],"10":[0,2],"11":[0,2],"12":[0,2],"13":[0,2],"14":[0,2],"15":[2,2],"16":[0,0],"17":[0,0],"18":[1,0],"19":[1,1],"20":[1,1],"21":[1,1],"22":[1,1],"23":[0,1],"24":[0,0],"25":[1,2],"26":[3,2],"27":[0,2],"28":[1,1],"29":[1,0],"30":[1,0],"31":[1,1],"32":[1,0],"33":[1,1],"34":[0,1],"35":[0,1],"36":[1,0],"37":[0,1],"38":[0,1],"39":[1,2],"40":[1,1],"41":[0,0],"42":[0,0],"43":[0,0],"44":[0,0],"45":[0,0],"46":[0,0]},"_coverageSchema":"1a1c01bbd47fc00a2c39e90264f33305004495a9","hash":"e463c2e6e27818e511c8c73b261bcfbe8ed4e9ef"}
,"C:\\Users\\Alec Joshua\\Documents\\gymstat_web\\backend\\src\\middleware\\auth.js": {"path":"C:\\Users\\Alec Joshua\\Documents\\gymstat_web\\backend\\src\\middleware\\auth.js","statementMap":{"0":{"start":{"line":1,"column":12},"end":{"line":1,"column":35}},"1":{"start":{"line":4,"column":0},"end":{"line":32,"column":2}},"2":{"start":{"line":5,"column":2},"end":{"line":31,"column":3}},"3":{"start":{"line":9,"column":4},"end":{"line":11,"column":5}},"4":{"start":{"line":10,"column":6},"end":{"line":10,"column":54}},"5":{"start":{"line":13,"column":4},"end":{"line":17,"column":5}},"6":{"start":{"line":14,"column":6},"end":{"line":16,"column":9}},"7":{"start":{"line":20,"column":20},"end":{"line":20,"column":87}},"8":{"start":{"line":23,"column":4},"end":{"line":23,"column":23}},"9":{"start":{"line":24,"column":4},"end":{"line":24,"column":11}},"10":{"start":{"line":27,"column":4},"end":{"line":27,"column":51}},"11":{"start":{"line":28,"column":4},"end":{"line":30,"column":7}},"12":{"start":{"line":35,"column":0},"end":{"line":44,"column":2}},"13":{"start":{"line":36,"column":2},"end":{"line":43,"column":4}},"14":{"start":{"line":37,"column":4},"end":{"line":41,"column":5}},"15":{"start":{"line":38,"column":6},"end":{"line":40,"column":9}},"16":{"start":{"line":42,"column":4},"end":{"line":42,"column":11}}},"fnMap":{"0":{"name":"(anonymous_0)","decl":{"start":{"line":4,"column":18},"end":{"line":4,"column":19}},"loc":{"start":{"line":4,"column":44},"end":{"line":32,"column":1}},"line":4},"1":{"name":"(anonymous_1)","decl":{"start":{"line":35,"column":20},"end":{"line":35,"column":21}},"loc":{"start":{"line":35,"column":34},"end":{"line":44,"column":1}},"line":35},"2":{"name":"(anonymous_2)","decl":{"start":{"line":36,"column":9},"end":{"line":36,"column":10}},"loc":{"start":{"line":36,"column":29},"end":{"line":43,"column":3}},"line":36}},"branchMap":{"0":{"loc":{"start":{"line":9,"column":4},"end":{"line":11,"column":5}},"type":"if","locations":[{"start":{"line":9,"column":4},"end":{"line":11,"column":5}},{"start":{},"end":{}}],"line":9},"1":{"loc":{"start":{"line":9,"column":8},"end":{"line":9,"column":83}},"type":"binary-expr","locations":[{"start":{"line":9,"column":8},"end":{"line":9,"column":33}},{"start":{"line":9,"column":37},"end":{"line":9,"column":83}}],"line":9},"2":{"loc":{"start":{"line":13,"column":4},"end":{"line":17,"column":5}},"type":"if","locations":[{"start":{"line":13,"column":4},"end":{"line":17,"column":5}},{"start":{},"end":{}}],"line":13},"3":{"loc":{"start":{"line":20,"column":38},"end":{"line":20,"column":86}},"type":"binary-expr","locations":[{"start":{"line":20,"column":38},"end":{"line":20,"column":60}},{"start":{"line":20,"column":64},"end":{"line":20,"column":86}}],"line":20},"4":{"loc":{"start":{"line":37,"column":4},"end":{"line":41,"column":5}},"type":"if","locations":[{"start":{"line":37,"column":4},"end":{"line":41,"column":5}},{"start":{},"end":{}}],"line":37}},"s":{"0":1,"1":1,"2":3,"3":3,"4":2,"5":3,"6":1,"7":2,"8":1,"9":1,"10":1,"11":1,"12":1,"13":2,"14":2,"15":1,"16":1},"f":{"0":3,"1":2,"2":2},"b":{"0":[2,1],"1":[3,2],"2":[1,2],"3":[2,2],"4":[1,1]},"_coverageSchema":"1a1c01bbd47fc00a2c39e90264f33305004495a9","hash":"a38504c6f5c547ec7871e343f93d6d86fe101b32"}
,"C:\\Users\\Alec Joshua\\Documents\\gymstat_web\\backend\\src\\routes\\adminRoutes.js": {"path":"C:\\Users\\Alec Joshua\\Documents\\gymstat_web\\backend\\src\\routes\\adminRoutes.js","statementMap":{"0":{"start":{"line":1,"column":16},"end":{"line":1,"column":34}},"1":{"start":{"line":2,"column":15},"end":{"line":2,"column":31}},"2":{"start":{"line":3,"column":13},"end":{"line":3,"column":38}},"3":{"start":{"line":4,"column":31},"end":{"line":4,"column":60}},"4":{"start":{"line":9,"column":0},"end":{"line":58,"column":3}},"5":{"start":{"line":10,"column":2},"end":{"line":57,"column":3}},"6":{"start":{"line":12,"column":26},"end":{"line":12,"column":72}},"7":{"start":{"line":13,"column":25},"end":{"line":13,"column":69}},"8":{"start":{"line":14,"column":23},"end":{"line":14,"column":50}},"9":{"start":{"line":15,"column":32},"end":{"line":15,"column":33}},"10":{"start":{"line":18,"column":26},"end":{"line":18,"column":27}},"11":{"start":{"line":19,"column":28},"end":{"line":19,"column":29}},"12":{"start":{"line":20,"column":21},"end":{"line":20,"column":22}},"13":{"start":{"line":23,"column":24},"end":{"line":26,"column":40}},"14":{"start":{"line":28,"column":23},"end":{"line":28,"column":25}},"15":{"start":{"line":30,"column":4},"end":{"line":36,"column":7}},"16":{"start":{"line":31,"column":6},"end":{"line":35,"column":9}},"17":{"start":{"line":39,"column":30},"end":{"line":39,"column":32}},"18":{"start":{"line":41,"column":4},"end":{"line":53,"column":7}},"19":{"start":{"line":55,"column":4},"end":{"line":55,"column":51}},"20":{"start":{"line":56,"column":4},"end":{"line":56,"column":76}},"21":{"start":{"line":62,"column":18},"end":{"line":62,"column":66}},"22":{"start":{"line":64,"column":17},"end":{"line":64,"column":35}},"23":{"start":{"line":65,"column":2},"end":{"line":65,"column":63}},"24":{"start":{"line":65,"column":20},"end":{"line":65,"column":63}},"25":{"start":{"line":67,"column":2},"end":{"line":67,"column":31}},"26":{"start":{"line":68,"column":2},"end":{"line":68,"column":64}},"27":{"start":{"line":68,"column":20},"end":{"line":68,"column":64}},"28":{"start":{"line":70,"column":2},"end":{"line":70,"column":29}},"29":{"start":{"line":71,"column":2},"end":{"line":71,"column":62}},"30":{"start":{"line":71,"column":20},"end":{"line":71,"column":62}},"31":{"start":{"line":73,"column":2},"end":{"line":73,"column":28}},"32":{"start":{"line":74,"column":2},"end":{"line":74,"column":63}},"33":{"start":{"line":74,"column":20},"end":{"line":74,"column":63}},"34":{"start":{"line":76,"column":2},"end":{"line":76,"column":26}},"35":{"start":{"line":77,"column":2},"end":{"line":77,"column":65}},"36":{"start":{"line":77,"column":20},"end":{"line":77,"column":65}},"37":{"start":{"line":79,"column":2},"end":{"line":79,"column":46}},"38":{"start":{"line":82,"column":0},"end":{"line":82,"column":24}}},"fnMap":{"0":{"name":"(anonymous_0)","decl":{"start":{"line":9,"column":54},"end":{"line":9,"column":55}},"loc":{"start":{"line":9,"column":74},"end":{"line":58,"column":1}},"line":9},"1":{"name":"(anonymous_1)","decl":{"start":{"line":30,"column":24},"end":{"line":30,"column":25}},"loc":{"start":{"line":30,"column":32},"end":{"line":36,"column":5}},"line":30},"2":{"name":"getTimeAgo","decl":{"start":{"line":61,"column":9},"end":{"line":61,"column":19}},"loc":{"start":{"line":61,"column":26},"end":{"line":80,"column":1}},"line":61}},"branchMap":{"0":{"loc":{"start":{"line":65,"column":2},"end":{"line":65,"column":63}},"type":"if","locations":[{"start":{"line":65,"column":2},"end":{"line":65,"column":63}},{"start":{},"end":{}}],"line":65},"1":{"loc":{"start":{"line":68,"column":2},"end":{"line":68,"column":64}},"type":"if","locations":[{"start":{"line":68,"column":2},"end":{"line":68,"column":64}},{"start":{},"end":{}}],"line":68},"2":{"loc":{"start":{"line":71,"column":2},"end":{"line":71,"column":62}},"type":"if","locations":[{"start":{"line":71,"column":2},"end":{"line":71,"column":62}},{"start":{},"end":{}}],"line":71},"3":{"loc":{"start":{"line":74,"column":2},"end":{"line":74,"column":63}},"type":"if","locations":[{"start":{"line":74,"column":2},"end":{"line":74,"column":63}},{"start":{},"end":{}}],"line":74},"4":{"loc":{"start":{"line":77,"column":2},"end":{"line":77,"column":65}},"type":"if","locations":[{"start":{"line":77,"column":2},"end":{"line":77,"column":65}},{"start":{},"end":{}}],"line":77}},"s":{"0":0,"1":0,"2":0,"3":0,"4":0,"5":0,"6":0,"7":0,"8":0,"9":0,"10":0,"11":0,"12":0,"13":0,"14":0,"15":0,"16":0,"17":0,"18":0,"19":0,"20":0,"21":0,"22":0,"23":0,"24":0,"25":0,"26":0,"27":0,"28":0,"29":0,"30":0,"31":0,"32":0,"33":0,"34":0,"35":0,"36":0,"37":0,"38":0},"f":{"0":0,"1":0,"2":0},"b":{"0":[0,0],"1":[0,0],"2":[0,0],"3":[0,0],"4":[0,0]}}
,"C:\\Users\\Alec Joshua\\Documents\\gymstat_web\\backend\\src\\routes\\authRoutes.js": {"path":"C:\\Users\\Alec Joshua\\Documents\\gymstat_web\\backend\\src\\routes\\authRoutes.js","statementMap":{"0":{"start":{"line":1,"column":16},"end":{"line":1,"column":34}},"1":{"start":{"line":2,"column":15},"end":{"line":2,"column":31}},"2":{"start":{"line":3,"column":28},"end":{"line":3,"column":69}},"3":{"start":{"line":6,"column":0},"end":{"line":6,"column":35}},"4":{"start":{"line":7,"column":0},"end":{"line":7,"column":29}},"5":{"start":{"line":9,"column":0},"end":{"line":9,"column":24}}},"fnMap":{},"branchMap":{},"s":{"0":0,"1":0,"2":0,"3":0,"4":0,"5":0},"f":{},"b":{}}
,"C:\\Users\\Alec Joshua\\Documents\\gymstat_web\\backend\\src\\routes\\borrowingRoutes.js": {"path":"C:\\Users\\Alec Joshua\\Documents\\gymstat_web\\backend\\src\\routes\\borrowingRoutes.js","statementMap":{"0":{"start":{"line":1,"column":16},"end":{"line":1,"column":34}},"1":{"start":{"line":2,"column":15},"end":{"line":2,"column":31}},"2":{"start":{"line":3,"column":18},"end":{"line":3,"column":48}},"3":{"start":{"line":4,"column":18},"end":{"line":4,"column":48}},"4":{"start":{"line":5,"column":31},"end":{"line":5,"column":60}},"5":{"start":{"line":10,"column":0},"end":{"line":27,"column":3}},"6":{"start":{"line":11,"column":2},"end":{"line":26,"column":3}},"7":{"start":{"line":12,"column":23},"end":{"line":13,"column":31}},"8":{"start":{"line":15,"column":4},"end":{"line":22,"column":9}},"9":{"start":{"line":15,"column":34},"end":{"line":22,"column":5}},"10":{"start":{"line":24,"column":4},"end":{"line":24,"column":57}},"11":{"start":{"line":25,"column":4},"end":{"line":25,"column":54}},"12":{"start":{"line":32,"column":0},"end":{"line":79,"column":3}},"13":{"start":{"line":33,"column":2},"end":{"line":78,"column":3}},"14":{"start":{"line":34,"column":42},"end":{"line":34,"column":50}},"15":{"start":{"line":37,"column":4},"end":{"line":39,"column":5}},"16":{"start":{"line":38,"column":6},"end":{"line":38,"column":76}},"17":{"start":{"line":42,"column":26},"end":{"line":42,"column":70}},"18":{"start":{"line":44,"column":4},"end":{"line":55,"column":5}},"19":{"start":{"line":46,"column":6},"end":{"line":50,"column":7}},"20":{"start":{"line":47,"column":8},"end":{"line":49,"column":11}},"21":{"start":{"line":53,"column":6},"end":{"line":53,"column":39}},"22":{"start":{"line":54,"column":6},"end":{"line":54,"column":33}},"23":{"start":{"line":58,"column":22},"end":{"line":65,"column":6}},"24":{"start":{"line":67,"column":4},"end":{"line":74,"column":7}},"25":{"start":{"line":76,"column":4},"end":{"line":76,"column":52}},"26":{"start":{"line":77,"column":4},"end":{"line":77,"column":76}},"27":{"start":{"line":84,"column":0},"end":{"line":120,"column":3}},"28":{"start":{"line":85,"column":2},"end":{"line":119,"column":3}},"29":{"start":{"line":86,"column":22},"end":{"line":86,"column":61}},"30":{"start":{"line":88,"column":4},"end":{"line":90,"column":5}},"31":{"start":{"line":89,"column":6},"end":{"line":89,"column":77}},"32":{"start":{"line":92,"column":4},"end":{"line":94,"column":5}},"33":{"start":{"line":93,"column":6},"end":{"line":93,"column":72}},"34":{"start":{"line":97,"column":26},"end":{"line":97,"column":80}},"35":{"start":{"line":98,"column":4},"end":{"line":101,"column":5}},"36":{"start":{"line":99,"column":6},"end":{"line":99,"column":49}},"37":{"start":{"line":100,"column":6},"end":{"line":100,"column":33}},"38":{"start":{"line":104,"column":4},"end":{"line":104,"column":35}},"39":{"start":{"line":105,"column":4},"end":{"line":105,"column":38}},"40":{"start":{"line":106,"column":4},"end":{"line":106,"column":27}},"41":{"start":{"line":108,"column":4},"end":{"line":115,"column":7}},"42":{"start":{"line":117,"column":4},"end":{"line":117,"column":47}},"43":{"start":{"line":118,"column":4},"end":{"line":118,"column":54}},"44":{"start":{"line":125,"column":0},"end":{"line":149,"column":3}},"45":{"start":{"line":126,"column":2},"end":{"line":148,"column":3}},"46":{"start":{"line":127,"column":22},"end":{"line":127,"column":61}},"47":{"start":{"line":129,"column":4},"end":{"line":131,"column":5}},"48":{"start":{"line":130,"column":6},"end":{"line":130,"column":77}},"49":{"start":{"line":134,"column":4},"end":{"line":140,"column":5}},"50":{"start":{"line":135,"column":28},"end":{"line":135,"column":82}},"51":{"start":{"line":136,"column":6},"end":{"line":139,"column":7}},"52":{"start":{"line":137,"column":8},"end":{"line":137,"column":51}},"53":{"start":{"line":138,"column":8},"end":{"line":138,"column":35}},"54":{"start":{"line":142,"column":4},"end":{"line":142,"column":53}},"55":{"start":{"line":144,"column":4},"end":{"line":144,"column":67}},"56":{"start":{"line":146,"column":4},"end":{"line":146,"column":52}},"57":{"start":{"line":147,"column":4},"end":{"line":147,"column":54}},"58":{"start":{"line":151,"column":0},"end":{"line":151,"column":24}}},"fnMap":{"0":{"name":"(anonymous_0)","decl":{"start":{"line":10,"column":60},"end":{"line":10,"column":61}},"loc":{"start":{"line":10,"column":80},"end":{"line":27,"column":1}},"line":10},"1":{"name":"(anonymous_1)","decl":{"start":{"line":15,"column":28},"end":{"line":15,"column":29}},"loc":{"start":{"line":15,"column":34},"end":{"line":22,"column":5}},"line":15},"2":{"name":"(anonymous_2)","decl":{"start":{"line":32,"column":61},"end":{"line":32,"column":62}},"loc":{"start":{"line":32,"column":81},"end":{"line":79,"column":1}},"line":32},"3":{"name":"(anonymous_3)","decl":{"start":{"line":84,"column":71},"end":{"line":84,"column":72}},"loc":{"start":{"line":84,"column":91},"end":{"line":120,"column":1}},"line":84},"4":{"name":"(anonymous_4)","decl":{"start":{"line":125,"column":67},"end":{"line":125,"column":68}},"loc":{"start":{"line":125,"column":87},"end":{"line":149,"column":1}},"line":125}},"branchMap":{"0":{"loc":{"start":{"line":20,"column":12},"end":{"line":20,"column":108}},"type":"cond-expr","locations":[{"start":{"line":20,"column":27},"end":{"line":20,"column":67}},{"start":{"line":20,"column":70},"end":{"line":20,"column":108}}],"line":20},"1":{"loc":{"start":{"line":37,"column":4},"end":{"line":39,"column":5}},"type":"if","locations":[{"start":{"line":37,"column":4},"end":{"line":39,"column":5}},{"start":{},"end":{}}],"line":37},"2":{"loc":{"start":{"line":37,"column":8},"end":{"line":37,"column":40}},"type":"binary-expr","locations":[{"start":{"line":37,"column":8},"end":{"line":37,"column":13}},{"start":{"line":37,"column":17},"end":{"line":37,"column":27}},{"start":{"line":37,"column":31},"end":{"line":37,"column":40}}],"line":37},"3":{"loc":{"start":{"line":44,"column":4},"end":{"line":55,"column":5}},"type":"if","locations":[{"start":{"line":44,"column":4},"end":{"line":55,"column":5}},{"start":{},"end":{}}],"line":44},"4":{"loc":{"start":{"line":46,"column":6},"end":{"line":50,"column":7}},"type":"if","locations":[{"start":{"line":46,"column":6},"end":{"line":50,"column":7}},{"start":{},"end":{}}],"line":46},"5":{"loc":{"start":{"line":88,"column":4},"end":{"line":90,"column":5}},"type":"if","locations":[{"start":{"line":88,"column":4},"end":{"line":90,"column":5}},{"start":{},"end":{}}],"line":88},"6":{"loc":{"start":{"line":92,"column":4},"end":{"line":94,"column":5}},"type":"if","locations":[{"start":{"line":92,"column":4},"end":{"line":94,"column":5}},{"start":{},"end":{}}],"line":92},"7":{"loc":{"start":{"line":98,"column":4},"end":{"line":101,"column":5}},"type":"if","locations":[{"start":{"line":98,"column":4},"end":{"line":101,"column":5}},{"start":{},"end":{}}],"line":98},"8":{"loc":{"start":{"line":129,"column":4},"end":{"line":131,"column":5}},"type":"if","locations":[{"start":{"line":129,"column":4},"end":{"line":131,"column":5}},{"start":{},"end":{}}],"line":129},"9":{"loc":{"start":{"line":134,"column":4},"end":{"line":140,"column":5}},"type":"if","locations":[{"start":{"line":134,"column":4},"end":{"line":140,"column":5}},{"start":{},"end":{}}],"line":134},"10":{"loc":{"start":{"line":136,"column":6},"end":{"line":139,"column":7}},"type":"if","locations":[{"start":{"line":136,"column":6},"end":{"line":139,"column":7}},{"start":{},"end":{}}],"line":136}},"s":{"0":0,"1":0,"2":0,"3":0,"4":0,"5":0,"6":0,"7":0,"8":0,"9":0,"10":0,"11":0,"12":0,"13":0,"14":0,"15":0,"16":0,"17":0,"18":0,"19":0,"20":0,"21":0,"22":0,"23":0,"24":0,"25":0,"26":0,"27":0,"28":0,"29":0,"30":0,"31":0,"32":0,"33":0,"34":0,"35":0,"36":0,"37":0,"38":0,"39":0,"40":0,"41":0,"42":0,"43":0,"44":0,"45":0,"46":0,"47":0,"48":0,"49":0,"50":0,"51":0,"52":0,"53":0,"54":0,"55":0,"56":0,"57":0,"58":0},"f":{"0":0,"1":0,"2":0,"3":0,"4":0},"b":{"0":[0,0],"1":[0,0],"2":[0,0,0],"3":[0,0],"4":[0,0],"5":[0,0],"6":[0,0],"7":[0,0],"8":[0,0],"9":[0,0],"10":[0,0]}}
,"C:\\Users\\Alec Joshua\\Documents\\gymstat_web\\backend\\src\\routes\\coachRoutes.js": {"path":"C:\\Users\\Alec Joshua\\Documents\\gymstat_web\\backend\\src\\routes\\coachRoutes.js","statementMap":{"0":{"start":{"line":1,"column":16},"end":{"line":1,"column":34}},"1":{"start":{"line":2,"column":15},"end":{"line":2,"column":31}},"2":{"start":{"line":3,"column":13},"end":{"line":3,"column":38}},"3":{"start":{"line":4,"column":31},"end":{"line":4,"column":60}},"4":{"start":{"line":7,"column":0},"end":{"line":26,"column":3}},"5":{"start":{"line":8,"column":2},"end":{"line":25,"column":3}},"6":{"start":{"line":9,"column":17},"end":{"line":9,"column":69}},"7":{"start":{"line":11,"column":4},"end":{"line":13,"column":5}},"8":{"start":{"line":12,"column":6},"end":{"line":12,"column":66}},"9":{"start":{"line":15,"column":4},"end":{"line":21,"column":7}},"10":{"start":{"line":23,"column":4},"end":{"line":23,"column":49}},"11":{"start":{"line":24,"column":4},"end":{"line":24,"column":90}},"12":{"start":{"line":29,"column":0},"end":{"line":46,"column":3}},"13":{"start":{"line":30,"column":2},"end":{"line":45,"column":3}},"14":{"start":{"line":31,"column":35},"end":{"line":31,"column":43}},"15":{"start":{"line":33,"column":17},"end":{"line":33,"column":49}},"16":{"start":{"line":34,"column":4},"end":{"line":36,"column":5}},"17":{"start":{"line":35,"column":6},"end":{"line":35,"column":66}},"18":{"start":{"line":38,"column":4},"end":{"line":38,"column":111}},"19":{"start":{"line":39,"column":4},"end":{"line":39,"column":22}},"20":{"start":{"line":41,"column":4},"end":{"line":41,"column":86}},"21":{"start":{"line":43,"column":4},"end":{"line":43,"column":56}},"22":{"start":{"line":44,"column":4},"end":{"line":44,"column":90}},"23":{"start":{"line":49,"column":0},"end":{"line":60,"column":3}},"24":{"start":{"line":50,"column":2},"end":{"line":59,"column":3}},"25":{"start":{"line":51,"column":20},"end":{"line":54,"column":5}},"26":{"start":{"line":55,"column":4},"end":{"line":55,"column":29}},"27":{"start":{"line":57,"column":4},"end":{"line":57,"column":49}},"28":{"start":{"line":58,"column":4},"end":{"line":58,"column":90}},"29":{"start":{"line":62,"column":0},"end":{"line":62,"column":24}}},"fnMap":{"0":{"name":"(anonymous_0)","decl":{"start":{"line":7,"column":58},"end":{"line":7,"column":59}},"loc":{"start":{"line":7,"column":78},"end":{"line":26,"column":1}},"line":7},"1":{"name":"(anonymous_1)","decl":{"start":{"line":29,"column":58},"end":{"line":29,"column":59}},"loc":{"start":{"line":29,"column":78},"end":{"line":46,"column":1}},"line":29},"2":{"name":"(anonymous_2)","decl":{"start":{"line":49,"column":58},"end":{"line":49,"column":59}},"loc":{"start":{"line":49,"column":78},"end":{"line":60,"column":1}},"line":49}},"branchMap":{"0":{"loc":{"start":{"line":11,"column":4},"end":{"line":13,"column":5}},"type":"if","locations":[{"start":{"line":11,"column":4},"end":{"line":13,"column":5}},{"start":{},"end":{}}],"line":11},"1":{"loc":{"start":{"line":18,"column":17},"end":{"line":18,"column":43}},"type":"binary-expr","locations":[{"start":{"line":18,"column":17},"end":{"line":18,"column":27}},{"start":{"line":18,"column":31},"end":{"line":18,"column":43}}],"line":18},"2":{"loc":{"start":{"line":20,"column":26},"end":{"line":20,"column":55}},"type":"binary-expr","locations":[{"start":{"line":20,"column":26},"end":{"line":20,"column":49}},{"start":{"line":20,"column":53},"end":{"line":20,"column":55}}],"line":20},"3":{"loc":{"start":{"line":34,"column":4},"end":{"line":36,"column":5}},"type":"if","locations":[{"start":{"line":34,"column":4},"end":{"line":36,"column":5}},{"start":{},"end":{}}],"line":34},"4":{"loc":{"start":{"line":38,"column":30},"end":{"line":38,"column":110}},"type":"cond-expr","locations":[{"start":{"line":38,"column":66},"end":{"line":38,"column":84}},{"start":{"line":38,"column":87},"end":{"line":38,"column":110}}],"line":38}},"s":{"0":0,"1":0,"2":0,"3":0,"4":0,"5":0,"6":0,"7":0,"8":0,"9":0,"10":0,"11":0,"12":0,"13":0,"14":0,"15":0,"16":0,"17":0,"18":0,"19":0,"20":0,"21":0,"22":0,"23":0,"24":0,"25":0,"26":0,"27":0,"28":0,"29":0},"f":{"0":0,"1":0,"2":0},"b":{"0":[0,0],"1":[0,0],"2":[0,0],"3":[0,0],"4":[0,0]}}
,"C:\\Users\\Alec Joshua\\Documents\\gymstat_web\\backend\\src\\routes\\equipmentRoutes.js": {"path":"C:\\Users\\Alec Joshua\\Documents\\gymstat_web\\backend\\src\\routes\\equipmentRoutes.js","statementMap":{"0":{"start":{"line":1,"column":16},"end":{"line":1,"column":34}},"1":{"start":{"line":2,"column":15},"end":{"line":2,"column":31}},"2":{"start":{"line":3,"column":18},"end":{"line":3,"column":48}},"3":{"start":{"line":4,"column":31},"end":{"line":4,"column":60}},"4":{"start":{"line":9,"column":0},"end":{"line":26,"column":3}},"5":{"start":{"line":10,"column":2},"end":{"line":25,"column":3}},"6":{"start":{"line":11,"column":22},"end":{"line":11,"column":62}},"7":{"start":{"line":13,"column":4},"end":{"line":21,"column":9}},"8":{"start":{"line":13,"column":36},"end":{"line":21,"column":5}},"9":{"start":{"line":23,"column":4},"end":{"line":23,"column":49}},"10":{"start":{"line":24,"column":4},"end":{"line":24,"column":54}},"11":{"start":{"line":31,"column":0},"end":{"line":61,"column":3}},"12":{"start":{"line":32,"column":2},"end":{"line":60,"column":3}},"13":{"start":{"line":33,"column":49},"end":{"line":33,"column":57}},"14":{"start":{"line":36,"column":30},"end":{"line":36,"column":63}},"15":{"start":{"line":37,"column":4},"end":{"line":39,"column":5}},"16":{"start":{"line":38,"column":6},"end":{"line":38,"column":75}},"17":{"start":{"line":41,"column":22},"end":{"line":47,"column":6}},"18":{"start":{"line":49,"column":4},"end":{"line":56,"column":7}},"19":{"start":{"line":58,"column":4},"end":{"line":58,"column":49}},"20":{"start":{"line":59,"column":4},"end":{"line":59,"column":54}},"21":{"start":{"line":66,"column":0},"end":{"line":94,"column":3}},"22":{"start":{"line":67,"column":2},"end":{"line":93,"column":3}},"23":{"start":{"line":68,"column":54},"end":{"line":68,"column":62}},"24":{"start":{"line":69,"column":22},"end":{"line":69,"column":61}},"25":{"start":{"line":71,"column":4},"end":{"line":73,"column":5}},"26":{"start":{"line":72,"column":6},"end":{"line":72,"column":70}},"27":{"start":{"line":75,"column":4},"end":{"line":75,"column":36}},"28":{"start":{"line":75,"column":14},"end":{"line":75,"column":36}},"29":{"start":{"line":76,"column":4},"end":{"line":76,"column":48}},"30":{"start":{"line":76,"column":18},"end":{"line":76,"column":48}},"31":{"start":{"line":77,"column":4},"end":{"line":77,"column":78}},"32":{"start":{"line":77,"column":34},"end":{"line":77,"column":78}},"33":{"start":{"line":78,"column":4},"end":{"line":78,"column":51}},"34":{"start":{"line":78,"column":19},"end":{"line":78,"column":51}},"35":{"start":{"line":80,"column":4},"end":{"line":80,"column":27}},"36":{"start":{"line":82,"column":4},"end":{"line":89,"column":7}},"37":{"start":{"line":91,"column":4},"end":{"line":91,"column":52}},"38":{"start":{"line":92,"column":4},"end":{"line":92,"column":54}},"39":{"start":{"line":99,"column":0},"end":{"line":112,"column":3}},"40":{"start":{"line":100,"column":2},"end":{"line":111,"column":3}},"41":{"start":{"line":101,"column":22},"end":{"line":101,"column":70}},"42":{"start":{"line":103,"column":4},"end":{"line":105,"column":5}},"43":{"start":{"line":104,"column":6},"end":{"line":104,"column":70}},"44":{"start":{"line":107,"column":4},"end":{"line":107,"column":60}},"45":{"start":{"line":109,"column":4},"end":{"line":109,"column":52}},"46":{"start":{"line":110,"column":4},"end":{"line":110,"column":54}},"47":{"start":{"line":117,"column":0},"end":{"line":140,"column":3}},"48":{"start":{"line":118,"column":2},"end":{"line":139,"column":3}},"49":{"start":{"line":119,"column":23},"end":{"line":119,"column":31}},"50":{"start":{"line":120,"column":22},"end":{"line":120,"column":61}},"51":{"start":{"line":122,"column":4},"end":{"line":124,"column":5}},"52":{"start":{"line":123,"column":6},"end":{"line":123,"column":70}},"53":{"start":{"line":126,"column":4},"end":{"line":126,"column":30}},"54":{"start":{"line":127,"column":4},"end":{"line":127,"column":27}},"55":{"start":{"line":129,"column":4},"end":{"line":135,"column":7}},"56":{"start":{"line":137,"column":4},"end":{"line":137,"column":48}},"57":{"start":{"line":138,"column":4},"end":{"line":138,"column":54}},"58":{"start":{"line":142,"column":0},"end":{"line":142,"column":24}}},"fnMap":{"0":{"name":"(anonymous_0)","decl":{"start":{"line":9,"column":60},"end":{"line":9,"column":61}},"loc":{"start":{"line":9,"column":80},"end":{"line":26,"column":1}},"line":9},"1":{"name":"(anonymous_1)","decl":{"start":{"line":13,"column":27},"end":{"line":13,"column":28}},"loc":{"start":{"line":13,"column":36},"end":{"line":21,"column":5}},"line":13},"2":{"name":"(anonymous_2)","decl":{"start":{"line":31,"column":61},"end":{"line":31,"column":62}},"loc":{"start":{"line":31,"column":81},"end":{"line":61,"column":1}},"line":31},"3":{"name":"(anonymous_3)","decl":{"start":{"line":66,"column":64},"end":{"line":66,"column":65}},"loc":{"start":{"line":66,"column":84},"end":{"line":94,"column":1}},"line":66},"4":{"name":"(anonymous_4)","decl":{"start":{"line":99,"column":67},"end":{"line":99,"column":68}},"loc":{"start":{"line":99,"column":87},"end":{"line":112,"column":1}},"line":99},"5":{"name":"(anonymous_5)","decl":{"start":{"line":117,"column":70},"end":{"line":117,"column":71}},"loc":{"start":{"line":117,"column":90},"end":{"line":140,"column":1}},"line":117}},"branchMap":{"0":{"loc":{"start":{"line":37,"column":4},"end":{"line":39,"column":5}},"type":"if","locations":[{"start":{"line":37,"column":4},"end":{"line":39,"column":5}},{"start":{},"end":{}}],"line":37},"1":{"loc":{"start":{"line":43,"column":16},"end":{"line":43,"column":37}},"type":"binary-expr","locations":[{"start":{"line":43,"column":16},"end":{"line":43,"column":24}},{"start":{"line":43,"column":28},"end":{"line":43,"column":37}}],"line":43},"2":{"loc":{"start":{"line":46,"column":17},"end":{"line":46,"column":36}},"type":"binary-expr","locations":[{"start":{"line":46,"column":17},"end":{"line":46,"column":26}},{"start":{"line":46,"column":30},"end":{"line":46,"column":36}}],"line":46},"3":{"loc":{"start":{"line":71,"column":4},"end":{"line":73,"column":5}},"type":"if","locations":[{"start":{"line":71,"column":4},"end":{"line":73,"column":5}},{"start":{},"end":{}}],"line":71},"4":{"loc":{"start":{"line":75,"column":4},"end":{"line":75,"column":36}},"type":"if","locations":[{"start":{"line":75,"column":4},"end":{"line":75,"column":36}},{"start":{},"end":{}}],"line":75},"5":{"loc":{"start":{"line":76,"column":4},"end":{"line":76,"column":48}},"type":"if","locations":[{"start":{"line":76,"column":4},"end":{"line":76,"column":48}},{"start":{},"end":{}}],"line":76},"6":{"loc":{"start":{"line":77,"column":4},"end":{"line":77,"column":78}},"type":"if","locations":[{"start":{"line":77,"column":4},"end":{"line":77,"column":78}},{"start":{},"end":{}}],"line":77},"7":{"loc":{"start":{"line":78,"column":4},"end":{"line":78,"column":51}},"type":"if","locations":[{"start":{"line":78,"column":4},"end":{"line":78,"column":51}},{"start":{},"end":{}}],"line":78},"8":{"loc":{"start":{"line":103,"column":4},"end":{"line":105,"column":5}},"type":"if","locations":[{"start":{"line":103,"column":4},"end":{"line":105,"column":5}},{"start":{},"end":{}}],"line":103},"9":{"loc":{"start":{"line":122,"column":4},"end":{"line":124,"column":5}},"type":"if","locations":[{"start":{"line":122,"column":4},"end":{"line":124,"column":5}},{"start":{},"end":{}}],"line":122}},"s":{"0":0,"1":0,"2":0,"3":0,"4":0,"5":0,"6":0,"7":0,"8":0,"9":0,"10":0,"11":0,"12":0,"13":0,"14":0,"15":0,"16":0,"17":0,"18":0,"19":0,"20":0,"21":0,"22":0,"23":0,"24":0,"25":0,"26":0,"27":0,"28":0,"29":0,"30":0,"31":0,"32":0,"33":0,"34":0,"35":0,"36":0,"37":0,"38":0,"39":0,"40":0,"41":0,"42":0,"43":0,"44":0,"45":0,"46":0,"47":0,"48":0,"49":0,"50":0,"51":0,"52":0,"53":0,"54":0,"55":0,"56":0,"57":0,"58":0},"f":{"0":0,"1":0,"2":0,"3":0,"4":0,"5":0},"b":{"0":[0,0],"1":[0,0],"2":[0,0],"3":[0,0],"4":[0,0],"5":[0,0],"6":[0,0],"7":[0,0],"8":[0,0],"9":[0,0]}}
,"C:\\Users\\Alec Joshua\\Documents\\gymstat_web\\backend\\src\\routes\\screenerRoutes.js": {"path":"C:\\Users\\Alec Joshua\\Documents\\gymstat_web\\backend\\src\\routes\\screenerRoutes.js","statementMap":{"0":{"start":{"line":1,"column":16},"end":{"line":1,"column":34}},"1":{"start":{"line":2,"column":15},"end":{"line":2,"column":31}},"2":{"start":{"line":3,"column":31},"end":{"line":3,"column":60}},"3":{"start":{"line":4,"column":13},"end":{"line":4,"column":38}},"4":{"start":{"line":9,"column":0},"end":{"line":32,"column":3}},"5":{"start":{"line":10,"column":2},"end":{"line":31,"column":3}},"6":{"start":{"line":12,"column":26},"end":{"line":12,"column":72}},"7":{"start":{"line":15,"column":36},"end":{"line":15,"column":37}},"8":{"start":{"line":16,"column":37},"end":{"line":16,"column":38}},"9":{"start":{"line":18,"column":4},"end":{"line":27,"column":7}},"10":{"start":{"line":29,"column":4},"end":{"line":29,"column":54}},"11":{"start":{"line":30,"column":4},"end":{"line":30,"column":72}},"12":{"start":{"line":37,"column":0},"end":{"line":66,"column":3}},"13":{"start":{"line":38,"column":2},"end":{"line":65,"column":3}},"14":{"start":{"line":39,"column":21},"end":{"line":41,"column":30}},"15":{"start":{"line":44,"column":30},"end":{"line":59,"column":7}},"16":{"start":{"line":44,"column":55},"end":{"line":59,"column":5}},"17":{"start":{"line":61,"column":4},"end":{"line":61,"column":32}},"18":{"start":{"line":63,"column":4},"end":{"line":63,"column":48}},"19":{"start":{"line":64,"column":4},"end":{"line":64,"column":72}},"20":{"start":{"line":71,"column":0},"end":{"line":87,"column":3}},"21":{"start":{"line":72,"column":2},"end":{"line":86,"column":3}},"22":{"start":{"line":73,"column":26},"end":{"line":73,"column":36}},"23":{"start":{"line":74,"column":23},"end":{"line":74,"column":31}},"24":{"start":{"line":77,"column":4},"end":{"line":82,"column":7}},"25":{"start":{"line":84,"column":4},"end":{"line":84,"column":42}},"26":{"start":{"line":85,"column":4},"end":{"line":85,"column":72}},"27":{"start":{"line":92,"column":0},"end":{"line":111,"column":3}},"28":{"start":{"line":93,"column":2},"end":{"line":110,"column":3}},"29":{"start":{"line":94,"column":26},"end":{"line":94,"column":72}},"30":{"start":{"line":96,"column":4},"end":{"line":106,"column":7}},"31":{"start":{"line":108,"column":4},"end":{"line":108,"column":46}},"32":{"start":{"line":109,"column":4},"end":{"line":109,"column":72}},"33":{"start":{"line":113,"column":0},"end":{"line":113,"column":24}}},"fnMap":{"0":{"name":"(anonymous_0)","decl":{"start":{"line":9,"column":66},"end":{"line":9,"column":67}},"loc":{"start":{"line":9,"column":86},"end":{"line":32,"column":1}},"line":9},"1":{"name":"(anonymous_1)","decl":{"start":{"line":37,"column":65},"end":{"line":37,"column":66}},"loc":{"start":{"line":37,"column":85},"end":{"line":66,"column":1}},"line":37},"2":{"name":"(anonymous_2)","decl":{"start":{"line":44,"column":43},"end":{"line":44,"column":44}},"loc":{"start":{"line":44,"column":55},"end":{"line":59,"column":5}},"line":44},"3":{"name":"(anonymous_3)","decl":{"start":{"line":71,"column":74},"end":{"line":71,"column":75}},"loc":{"start":{"line":71,"column":94},"end":{"line":87,"column":1}},"line":71},"4":{"name":"(anonymous_4)","decl":{"start":{"line":92,"column":67},"end":{"line":92,"column":68}},"loc":{"start":{"line":92,"column":87},"end":{"line":111,"column":1}},"line":92}},"branchMap":{"0":{"loc":{"start":{"line":49,"column":18},"end":{"line":49,"column":55}},"type":"binary-expr","locations":[{"start":{"line":49,"column":18},"end":{"line":49,"column":36}},{"start":{"line":49,"column":40},"end":{"line":49,"column":55}}],"line":49},"1":{"loc":{"start":{"line":50,"column":13},"end":{"line":50,"column":45}},"type":"binary-expr","locations":[{"start":{"line":50,"column":13},"end":{"line":50,"column":26}},{"start":{"line":50,"column":30},"end":{"line":50,"column":45}}],"line":50},"2":{"loc":{"start":{"line":51,"column":17},"end":{"line":51,"column":47}},"type":"binary-expr","locations":[{"start":{"line":51,"column":17},"end":{"line":51,"column":34}},{"start":{"line":51,"column":38},"end":{"line":51,"column":47}}],"line":51}},"s":{"0":0,"1":0,"2":0,"3":0,"4":0,"5":0,"6":0,"7":0,"8":0,"9":0,"10":0,"11":0,"12":0,"13":0,"14":0,"15":0,"16":0,"17":0,"18":0,"19":0,"20":0,"21":0,"22":0,"23":0,"24":0,"25":0,"26":0,"27":0,"28":0,"29":0,"30":0,"31":0,"32":0,"33":0},"f":{"0":0,"1":0,"2":0,"3":0,"4":0},"b":{"0":[0,0],"1":[0,0],"2":[0,0]}}
}
