TN:
SF:src\controllers\authControllers.js
FN:6,(anonymous_0)
FN:81,(anonymous_1)
FNF:2
FNH:0
FNDA:0,(anonymous_0)
FNDA:0,(anonymous_1)
DA:1,0
DA:2,0
DA:3,0
DA:6,0
DA:7,0
DA:8,0
DA:11,0
DA:12,0
DA:19,0
DA:23,0
DA:24,0
DA:25,0
DA:30,0
DA:31,0
DA:39,0
DA:40,0
DA:44,0
DA:56,0
DA:72,0
DA:73,0
DA:81,0
DA:82,0
DA:83,0
DA:86,0
DA:87,0
DA:94,0
DA:96,0
DA:97,0
DA:104,0
DA:106,0
DA:107,0
DA:114,0
DA:121,0
DA:138,0
DA:139,0
LF:35
LH:0
BRDA:11,0,0,0
BRDA:11,0,1,0
BRDA:11,1,0,0
BRDA:11,1,1,0
BRDA:11,1,2,0
BRDA:11,1,3,0
BRDA:23,2,0,0
BRDA:23,2,1,0
BRDA:24,3,0,0
BRDA:24,3,1,0
BRDA:30,4,0,0
BRDA:30,4,1,0
BRDA:49,5,0,0
BRDA:49,5,1,0
BRDA:50,6,0,0
BRDA:50,6,1,0
BRDA:51,7,0,0
BRDA:51,7,1,0
BRDA:52,8,0,0
BRDA:52,8,1,0
BRDA:86,9,0,0
BRDA:86,9,1,0
BRDA:86,10,0,0
BRDA:86,10,1,0
BRDA:96,11,0,0
BRDA:96,11,1,0
BRDA:106,12,0,0
BRDA:106,12,1,0
BRDA:116,13,0,0
BRDA:116,13,1,0
BRF:30
BRH:0
end_of_record
TN:
SF:src\controllers\borrowingController.js
FN:7,(anonymous_0)
FN:13,(anonymous_1)
FN:33,(anonymous_2)
FN:92,(anonymous_3)
FN:135,(anonymous_4)
FN:164,(anonymous_5)
FN:193,(anonymous_6)
FN:248,(anonymous_7)
FNF:8
FNH:5
FNDA:1,(anonymous_0)
FNDA:1,(anonymous_1)
FNDA:5,(anonymous_2)
FNDA:3,(anonymous_3)
FNDA:3,(anonymous_4)
FNDA:0,(anonymous_5)
FNDA:0,(anonymous_6)
FNDA:0,(anonymous_7)
DA:1,1
DA:2,1
DA:7,1
DA:8,1
DA:9,1
DA:13,1
DA:25,0
DA:26,0
DA:33,1
DA:34,5
DA:35,5
DA:38,5
DA:39,1
DA:42,4
DA:43,1
DA:47,3
DA:49,3
DA:51,2
DA:52,1
DA:58,1
DA:59,1
DA:61,1
DA:65,1
DA:74,1
DA:84,0
DA:85,0
DA:92,1
DA:93,3
DA:94,3
DA:96,3
DA:97,1
DA:100,2
DA:101,1
DA:105,1
DA:106,1
DA:107,1
DA:108,1
DA:112,1
DA:113,1
DA:114,1
DA:116,1
DA:127,0
DA:128,0
DA:135,1
DA:136,3
DA:137,3
DA:139,3
DA:140,1
DA:144,2
DA:145,1
DA:146,1
DA:147,1
DA:148,1
DA:152,2
DA:154,2
DA:156,0
DA:157,0
DA:164,1
DA:165,0
DA:166,0
DA:169,0
DA:170,0
DA:173,0
DA:185,0
DA:186,0
DA:193,1
DA:194,0
DA:195,0
DA:196,0
DA:198,0
DA:199,0
DA:203,0
DA:205,0
DA:206,0
DA:207,0
DA:208,0
DA:212,0
DA:213,0
DA:214,0
DA:215,0
DA:217,0
DA:218,0
DA:221,0
DA:225,0
DA:226,0
DA:227,0
DA:229,0
DA:231,0
DA:240,0
DA:241,0
DA:248,1
DA:249,0
DA:250,0
DA:251,0
DA:252,0
DA:253,0
DA:255,0
DA:261,0
DA:269,0
DA:270,0
DA:274,1
LF:101
LH:53
BRDA:18,0,0,1
BRDA:18,0,1,0
BRDA:38,1,0,1
BRDA:38,1,1,4
BRDA:38,2,0,5
BRDA:38,2,1,4
BRDA:38,2,2,4
BRDA:42,3,0,1
BRDA:42,3,1,3
BRDA:49,4,0,2
BRDA:49,4,1,1
BRDA:51,5,0,1
BRDA:51,5,1,1
BRDA:96,6,0,1
BRDA:96,6,1,2
BRDA:100,7,0,1
BRDA:100,7,1,1
BRDA:106,8,0,1
BRDA:106,8,1,0
BRDA:139,9,0,1
BRDA:139,9,1,2
BRDA:144,10,0,1
BRDA:144,10,1,1
BRDA:146,11,0,1
BRDA:146,11,1,0
BRDA:169,12,0,0
BRDA:169,12,1,0
BRDA:198,13,0,0
BRDA:198,13,1,0
BRDA:203,14,0,0
BRDA:203,14,1,0
BRDA:203,15,0,0
BRDA:203,15,1,0
BRDA:206,16,0,0
BRDA:206,16,1,0
BRDA:206,17,0,0
BRDA:206,17,1,0
BRDA:213,18,0,0
BRDA:213,18,1,0
BRDA:213,19,0,0
BRDA:213,19,1,0
BRDA:214,20,0,0
BRDA:214,20,1,0
BRDA:225,21,0,0
BRDA:225,21,1,0
BRDA:226,22,0,0
BRDA:226,22,1,0
BRDA:227,23,0,0
BRDA:227,23,1,0
BRF:49
BRH:22
end_of_record
TN:
SF:src\controllers\equipmentController.js
FN:6,(anonymous_0)
FN:77,(anonymous_1)
FN:124,(anonymous_2)
FN:153,(anonymous_3)
FN:202,(anonymous_4)
FN:253,(anonymous_5)
FN:283,(anonymous_6)
FN:320,(anonymous_7)
FN:341,(anonymous_8)
FN:349,(anonymous_9)
FN:367,(anonymous_10)
FN:374,(anonymous_11)
FN:392,(anonymous_12)
FNF:13
FNH:5
FNDA:2,(anonymous_0)
FNDA:2,(anonymous_1)
FNDA:0,(anonymous_2)
FNDA:3,(anonymous_3)
FNDA:2,(anonymous_4)
FNDA:3,(anonymous_5)
FNDA:0,(anonymous_6)
FNDA:0,(anonymous_7)
FNDA:0,(anonymous_8)
FNDA:0,(anonymous_9)
FNDA:0,(anonymous_10)
FNDA:0,(anonymous_11)
FNDA:0,(anonymous_12)
DA:1,1
DA:6,1
DA:7,2
DA:9,2
DA:10,2
DA:11,2
DA:12,2
DA:13,2
DA:14,2
DA:15,2
DA:16,2
DA:17,2
DA:18,2
DA:21,2
DA:24,2
DA:25,0
DA:29,2
DA:30,0
DA:34,2
DA:35,0
DA:39,2
DA:40,0
DA:44,2
DA:45,0
DA:46,0
DA:47,0
DA:51,2
DA:54,2
DA:57,2
DA:63,1
DA:75,1
DA:77,2
DA:116,1
DA:117,1
DA:124,1
DA:125,0
DA:126,0
DA:128,0
DA:129,0
DA:132,0
DA:145,0
DA:146,0
DA:153,1
DA:154,3
DA:155,3
DA:158,3
DA:159,1
DA:162,2
DA:163,0
DA:167,2
DA:168,2
DA:169,1
DA:172,1
DA:180,1
DA:194,0
DA:195,0
DA:202,1
DA:203,2
DA:204,2
DA:205,2
DA:207,2
DA:208,1
DA:212,1
DA:213,1
DA:214,1
DA:215,0
DA:217,1
DA:220,1
DA:221,1
DA:222,1
DA:223,0
DA:225,1
DA:227,1
DA:229,1
DA:231,1
DA:245,0
DA:246,0
DA:253,1
DA:254,3
DA:255,3
DA:257,3
DA:258,1
DA:262,2
DA:263,1
DA:268,1
DA:270,1
DA:275,0
DA:276,0
DA:283,1
DA:284,0
DA:285,0
DA:286,0
DA:288,0
DA:289,0
DA:292,0
DA:293,0
DA:296,0
DA:297,0
DA:299,0
DA:312,0
DA:313,0
DA:320,1
DA:321,0
DA:322,0
DA:323,0
DA:324,0
DA:326,0
DA:333,0
DA:334,0
DA:341,1
DA:342,0
DA:343,0
DA:347,0
DA:349,0
DA:359,0
DA:360,0
DA:367,1
DA:368,0
DA:369,0
DA:372,0
DA:374,0
DA:384,0
DA:385,0
DA:392,1
DA:393,0
DA:394,0
DA:395,0
DA:398,0
DA:401,0
DA:405,0
DA:409,0
DA:420,0
DA:421,0
DA:425,1
LF:134
LH:71
BRDA:9,0,0,2
BRDA:9,0,1,2
BRDA:10,1,0,2
BRDA:10,1,1,2
BRDA:11,2,0,2
BRDA:11,2,1,2
BRDA:12,3,0,2
BRDA:12,3,1,2
BRDA:13,4,0,2
BRDA:13,4,1,2
BRDA:14,5,0,2
BRDA:14,5,1,2
BRDA:15,6,0,0
BRDA:15,6,1,2
BRDA:16,7,0,0
BRDA:16,7,1,2
BRDA:17,8,0,2
BRDA:17,8,1,2
BRDA:18,9,0,0
BRDA:18,9,1,2
BRDA:24,10,0,0
BRDA:24,10,1,2
BRDA:29,11,0,0
BRDA:29,11,1,2
BRDA:34,12,0,0
BRDA:34,12,1,2
BRDA:39,13,0,0
BRDA:39,13,1,2
BRDA:44,14,0,0
BRDA:44,14,1,2
BRDA:44,15,0,2
BRDA:44,15,1,2
BRDA:46,16,0,0
BRDA:46,16,1,0
BRDA:47,17,0,0
BRDA:47,17,1,0
BRDA:89,18,0,1
BRDA:89,18,1,0
BRDA:105,19,0,1
BRDA:105,19,1,1
BRDA:106,20,0,1
BRDA:106,20,1,1
BRDA:107,21,0,1
BRDA:107,21,1,1
BRDA:108,22,0,1
BRDA:108,22,1,1
BRDA:112,23,0,0
BRDA:112,23,1,1
BRDA:128,24,0,0
BRDA:128,24,1,0
BRDA:158,25,0,1
BRDA:158,25,1,2
BRDA:158,26,0,3
BRDA:158,26,1,2
BRDA:162,27,0,0
BRDA:162,27,1,2
BRDA:168,28,0,1
BRDA:168,28,1,1
BRDA:174,29,0,1
BRDA:174,29,1,0
BRDA:177,30,0,1
BRDA:177,30,1,0
BRDA:207,31,0,1
BRDA:207,31,1,1
BRDA:212,32,0,1
BRDA:212,32,1,0
BRDA:212,33,0,1
BRDA:212,33,1,1
BRDA:214,34,0,0
BRDA:214,34,1,1
BRDA:220,35,0,0
BRDA:220,35,1,1
BRDA:221,36,0,1
BRDA:221,36,1,0
BRDA:222,37,0,0
BRDA:222,37,1,1
BRDA:227,38,0,0
BRDA:227,38,1,1
BRDA:257,39,0,1
BRDA:257,39,1,2
BRDA:262,40,0,1
BRDA:262,40,1,1
BRDA:288,41,0,0
BRDA:288,41,1,0
BRDA:292,42,0,0
BRDA:292,42,1,0
BRDA:292,43,0,0
BRDA:292,43,1,0
BRDA:413,44,0,0
BRDA:413,44,1,0
BRDA:414,45,0,0
BRDA:414,45,1,0
BRDA:415,46,0,0
BRDA:415,46,1,0
BRF:94
BRH:57
end_of_record
TN:
SF:src\middleware\auth.js
FN:4,(anonymous_0)
FN:35,(anonymous_1)
FN:36,(anonymous_2)
FNF:3
FNH:3
FNDA:3,(anonymous_0)
FNDA:2,(anonymous_1)
FNDA:2,(anonymous_2)
DA:1,1
DA:4,1
DA:5,3
DA:9,3
DA:10,2
DA:13,3
DA:14,1
DA:20,2
DA:23,1
DA:24,1
DA:27,1
DA:28,1
DA:35,1
DA:36,2
DA:37,2
DA:38,1
DA:42,1
LF:17
LH:17
BRDA:9,0,0,2
BRDA:9,0,1,1
BRDA:9,1,0,3
BRDA:9,1,1,2
BRDA:13,2,0,1
BRDA:13,2,1,2
BRDA:20,3,0,2
BRDA:20,3,1,2
BRDA:37,4,0,1
BRDA:37,4,1,1
BRF:10
BRH:10
end_of_record
TN:
SF:src\routes\adminRoutes.js
FN:9,(anonymous_0)
FN:30,(anonymous_1)
FN:61,getTimeAgo
FNF:3
FNH:0
FNDA:0,(anonymous_0)
FNDA:0,(anonymous_1)
FNDA:0,getTimeAgo
DA:1,0
DA:2,0
DA:3,0
DA:4,0
DA:9,0
DA:10,0
DA:12,0
DA:13,0
DA:14,0
DA:15,0
DA:18,0
DA:19,0
DA:20,0
DA:23,0
DA:28,0
DA:30,0
DA:31,0
DA:39,0
DA:41,0
DA:55,0
DA:56,0
DA:62,0
DA:64,0
DA:65,0
DA:67,0
DA:68,0
DA:70,0
DA:71,0
DA:73,0
DA:74,0
DA:76,0
DA:77,0
DA:79,0
DA:82,0
LF:34
LH:0
BRDA:65,0,0,0
BRDA:65,0,1,0
BRDA:68,1,0,0
BRDA:68,1,1,0
BRDA:71,2,0,0
BRDA:71,2,1,0
BRDA:74,3,0,0
BRDA:74,3,1,0
BRDA:77,4,0,0
BRDA:77,4,1,0
BRF:10
BRH:0
end_of_record
TN:
SF:src\routes\authRoutes.js
FNF:0
FNH:0
DA:1,0
DA:2,0
DA:3,0
DA:6,0
DA:7,0
DA:9,0
LF:6
LH:0
BRF:0
BRH:0
end_of_record
TN:
SF:src\routes\borrowingRoutes.js
FN:10,(anonymous_0)
FN:15,(anonymous_1)
FN:32,(anonymous_2)
FN:84,(anonymous_3)
FN:125,(anonymous_4)
FNF:5
FNH:0
FNDA:0,(anonymous_0)
FNDA:0,(anonymous_1)
FNDA:0,(anonymous_2)
FNDA:0,(anonymous_3)
FNDA:0,(anonymous_4)
DA:1,0
DA:2,0
DA:3,0
DA:4,0
DA:5,0
DA:10,0
DA:11,0
DA:12,0
DA:15,0
DA:24,0
DA:25,0
DA:32,0
DA:33,0
DA:34,0
DA:37,0
DA:38,0
DA:42,0
DA:44,0
DA:46,0
DA:47,0
DA:53,0
DA:54,0
DA:58,0
DA:67,0
DA:76,0
DA:77,0
DA:84,0
DA:85,0
DA:86,0
DA:88,0
DA:89,0
DA:92,0
DA:93,0
DA:97,0
DA:98,0
DA:99,0
DA:100,0
DA:104,0
DA:105,0
DA:106,0
DA:108,0
DA:117,0
DA:118,0
DA:125,0
DA:126,0
DA:127,0
DA:129,0
DA:130,0
DA:134,0
DA:135,0
DA:136,0
DA:137,0
DA:138,0
DA:142,0
DA:144,0
DA:146,0
DA:147,0
DA:151,0
LF:58
LH:0
BRDA:20,0,0,0
BRDA:20,0,1,0
BRDA:37,1,0,0
BRDA:37,1,1,0
BRDA:37,2,0,0
BRDA:37,2,1,0
BRDA:37,2,2,0
BRDA:44,3,0,0
BRDA:44,3,1,0
BRDA:46,4,0,0
BRDA:46,4,1,0
BRDA:88,5,0,0
BRDA:88,5,1,0
BRDA:92,6,0,0
BRDA:92,6,1,0
BRDA:98,7,0,0
BRDA:98,7,1,0
BRDA:129,8,0,0
BRDA:129,8,1,0
BRDA:134,9,0,0
BRDA:134,9,1,0
BRDA:136,10,0,0
BRDA:136,10,1,0
BRF:23
BRH:0
end_of_record
TN:
SF:src\routes\coachRoutes.js
FN:7,(anonymous_0)
FN:29,(anonymous_1)
FN:49,(anonymous_2)
FNF:3
FNH:0
FNDA:0,(anonymous_0)
FNDA:0,(anonymous_1)
FNDA:0,(anonymous_2)
DA:1,0
DA:2,0
DA:3,0
DA:4,0
DA:7,0
DA:8,0
DA:9,0
DA:11,0
DA:12,0
DA:15,0
DA:23,0
DA:24,0
DA:29,0
DA:30,0
DA:31,0
DA:33,0
DA:34,0
DA:35,0
DA:38,0
DA:39,0
DA:41,0
DA:43,0
DA:44,0
DA:49,0
DA:50,0
DA:51,0
DA:55,0
DA:57,0
DA:58,0
DA:62,0
LF:30
LH:0
BRDA:11,0,0,0
BRDA:11,0,1,0
BRDA:18,1,0,0
BRDA:18,1,1,0
BRDA:20,2,0,0
BRDA:20,2,1,0
BRDA:34,3,0,0
BRDA:34,3,1,0
BRDA:38,4,0,0
BRDA:38,4,1,0
BRF:10
BRH:0
end_of_record
TN:
SF:src\routes\equipmentRoutes.js
FN:9,(anonymous_0)
FN:13,(anonymous_1)
FN:31,(anonymous_2)
FN:66,(anonymous_3)
FN:99,(anonymous_4)
FN:117,(anonymous_5)
FNF:6
FNH:0
FNDA:0,(anonymous_0)
FNDA:0,(anonymous_1)
FNDA:0,(anonymous_2)
FNDA:0,(anonymous_3)
FNDA:0,(anonymous_4)
FNDA:0,(anonymous_5)
DA:1,0
DA:2,0
DA:3,0
DA:4,0
DA:9,0
DA:10,0
DA:11,0
DA:13,0
DA:23,0
DA:24,0
DA:31,0
DA:32,0
DA:33,0
DA:36,0
DA:37,0
DA:38,0
DA:41,0
DA:49,0
DA:58,0
DA:59,0
DA:66,0
DA:67,0
DA:68,0
DA:69,0
DA:71,0
DA:72,0
DA:75,0
DA:76,0
DA:77,0
DA:78,0
DA:80,0
DA:82,0
DA:91,0
DA:92,0
DA:99,0
DA:100,0
DA:101,0
DA:103,0
DA:104,0
DA:107,0
DA:109,0
DA:110,0
DA:117,0
DA:118,0
DA:119,0
DA:120,0
DA:122,0
DA:123,0
DA:126,0
DA:127,0
DA:129,0
DA:137,0
DA:138,0
DA:142,0
LF:54
LH:0
BRDA:37,0,0,0
BRDA:37,0,1,0
BRDA:43,1,0,0
BRDA:43,1,1,0
BRDA:46,2,0,0
BRDA:46,2,1,0
BRDA:71,3,0,0
BRDA:71,3,1,0
BRDA:75,4,0,0
BRDA:75,4,1,0
BRDA:76,5,0,0
BRDA:76,5,1,0
BRDA:77,6,0,0
BRDA:77,6,1,0
BRDA:78,7,0,0
BRDA:78,7,1,0
BRDA:103,8,0,0
BRDA:103,8,1,0
BRDA:122,9,0,0
BRDA:122,9,1,0
BRF:20
BRH:0
end_of_record
TN:
SF:src\routes\screenerRoutes.js
FN:9,(anonymous_0)
FN:37,(anonymous_1)
FN:44,(anonymous_2)
FN:71,(anonymous_3)
FN:92,(anonymous_4)
FNF:5
FNH:0
FNDA:0,(anonymous_0)
FNDA:0,(anonymous_1)
FNDA:0,(anonymous_2)
FNDA:0,(anonymous_3)
FNDA:0,(anonymous_4)
DA:1,0
DA:2,0
DA:3,0
DA:4,0
DA:9,0
DA:10,0
DA:12,0
DA:15,0
DA:16,0
DA:18,0
DA:29,0
DA:30,0
DA:37,0
DA:38,0
DA:39,0
DA:44,0
DA:61,0
DA:63,0
DA:64,0
DA:71,0
DA:72,0
DA:73,0
DA:74,0
DA:77,0
DA:84,0
DA:85,0
DA:92,0
DA:93,0
DA:94,0
DA:96,0
DA:108,0
DA:109,0
DA:113,0
LF:33
LH:0
BRDA:49,0,0,0
BRDA:49,0,1,0
BRDA:50,1,0,0
BRDA:50,1,1,0
BRDA:51,2,0,0
BRDA:51,2,1,0
BRF:6
BRH:0
end_of_record
